{"contracts/server/tests/contracts/Basic.sol":{"l":{"9":0,"13":0},"path":"/Users/stefanstefanov/Projects/hedera-json-rpc-relay/contracts/server/tests/contracts/Basic.sol","s":{"1":0,"2":0},"b":{},"f":{"1":0,"2":0,"3":0},"fnMap":{"1":{"name":"constructor","line":6,"loc":{"start":{"line":6,"column":4},"end":{"line":6,"column":19}}},"2":{"name":"ping","line":8,"loc":{"start":{"line":8,"column":4},"end":{"line":10,"column":4}}},"3":{"name":"destroy","line":12,"loc":{"start":{"line":12,"column":4},"end":{"line":14,"column":4}}}},"statementMap":{"1":{"start":{"line":9,"column":8},"end":{"line":9,"column":16}},"2":{"start":{"line":13,"column":8},"end":{"line":13,"column":40}}},"branchMap":{}},"contracts/server/tests/contracts/Caller.sol":{"l":{"9":0,"13":0,"17":0,"21":0,"25":0,"29":0},"path":"/Users/stefanstefanov/Projects/hedera-json-rpc-relay/contracts/server/tests/contracts/Caller.sol","s":{"1":0,"2":0,"3":0,"4":0,"5":0,"6":0},"b":{},"f":{"1":0,"2":0,"3":0,"4":0,"5":0,"6":0,"7":0},"fnMap":{"1":{"name":"constructor","line":5,"loc":{"start":{"line":5,"column":4},"end":{"line":6,"column":4}}},"2":{"name":"pureMultiply","line":8,"loc":{"start":{"line":8,"column":4},"end":{"line":10,"column":4}}},"3":{"name":"msgSender","line":12,"loc":{"start":{"line":12,"column":4},"end":{"line":14,"column":4}}},"4":{"name":"txOrigin","line":16,"loc":{"start":{"line":16,"column":4},"end":{"line":18,"column":4}}},"5":{"name":"msgSig","line":20,"loc":{"start":{"line":20,"column":4},"end":{"line":22,"column":4}}},"6":{"name":"msgValue","line":24,"loc":{"start":{"line":24,"column":4},"end":{"line":26,"column":4}}},"7":{"name":"addressBalance","line":28,"loc":{"start":{"line":28,"column":4},"end":{"line":30,"column":4}}}},"statementMap":{"1":{"start":{"line":9,"column":8},"end":{"line":9,"column":18}},"2":{"start":{"line":13,"column":8},"end":{"line":13,"column":25}},"3":{"start":{"line":17,"column":8},"end":{"line":17,"column":24}},"4":{"start":{"line":21,"column":8},"end":{"line":21,"column":22}},"5":{"start":{"line":25,"column":8},"end":{"line":25,"column":24}},"6":{"start":{"line":29,"column":8},"end":{"line":29,"column":27}}},"branchMap":{}},"contracts/server/tests/contracts/contracts_v1/BaseHTS.sol":{"l":{"23":0,"24":0,"25":0,"26":0,"27":0,"29":0,"33":0,"37":0,"40":0,"41":0,"44":0,"50":0,"51":0,"52":0,"53":0,"54":0,"55":0,"57":0,"61":0,"65":0,"68":0,"69":0,"72":0,"76":0,"77":0,"78":0,"79":0,"87":0,"88":0,"90":0,"94":0,"98":0,"99":0,"101":0,"102":0,"104":0,"106":0,"108":0,"109":0,"112":0},"path":"/Users/stefanstefanov/Projects/hedera-json-rpc-relay/contracts/server/tests/contracts/contracts_v1/BaseHTS.sol","s":{"1":0,"2":0,"3":0,"4":0,"5":0,"6":0,"7":0,"8":0,"9":0,"10":0,"11":0,"12":0,"13":0,"14":0,"15":0,"16":0,"17":0,"18":0,"19":0,"20":0,"21":0,"22":0,"23":0,"24":0,"25":0,"26":0,"27":0},"b":{"1":[0,0],"2":[0,0],"3":[0,0],"4":[0,0]},"f":{"1":0,"2":0,"3":0,"4":0},"fnMap":{"1":{"name":"createFungibleTokenPublic","line":20,"loc":{"start":{"line":20,"column":4},"end":{"line":45,"column":4}}},"2":{"name":"createNonFungibleTokenPublic","line":47,"loc":{"start":{"line":47,"column":4},"end":{"line":73,"column":4}}},"3":{"name":"associateTokenPublic","line":75,"loc":{"start":{"line":75,"column":4},"end":{"line":81,"column":4}}},"4":{"name":"createFungibleTokenWithCustomFeesPublic","line":83,"loc":{"start":{"line":83,"column":8},"end":{"line":113,"column":4}}}},"statementMap":{"1":{"start":{"line":23,"column":8},"end":{"line":23,"column":90}},"2":{"start":{"line":29,"column":8},"end":{"line":29,"column":872}},"3":{"start":{"line":33,"column":8},"end":{"line":33,"column":996}},"4":{"start":{"line":37,"column":8},"end":{"line":37,"column":1263}},"5":{"start":{"line":40,"column":8},"end":{"line":40,"column":1325}},"6":{"start":{"line":41,"column":12},"end":{"line":41,"column":20}},"7":{"start":{"line":44,"column":8},"end":{"line":44,"column":39}},"8":{"start":{"line":50,"column":8},"end":{"line":50,"column":90}},"9":{"start":{"line":57,"column":8},"end":{"line":57,"column":1899}},"10":{"start":{"line":61,"column":8},"end":{"line":61,"column":2023}},"11":{"start":{"line":65,"column":8},"end":{"line":65,"column":2263}},"12":{"start":{"line":68,"column":8},"end":{"line":68,"column":2325}},"13":{"start":{"line":69,"column":12},"end":{"line":69,"column":20}},"14":{"start":{"line":72,"column":8},"end":{"line":72,"column":39}},"15":{"start":{"line":77,"column":8},"end":{"line":77,"column":39}},"16":{"start":{"line":78,"column":8},"end":{"line":78,"column":2683}},"17":{"start":{"line":79,"column":12},"end":{"line":79,"column":20}},"18":{"start":{"line":87,"column":8},"end":{"line":87,"column":90}},"19":{"start":{"line":90,"column":8},"end":{"line":90,"column":3072}},"20":{"start":{"line":94,"column":8},"end":{"line":94,"column":3196}},"21":{"start":{"line":98,"column":8},"end":{"line":98,"column":95}},"22":{"start":{"line":101,"column":8},"end":{"line":101,"column":110}},"23":{"start":{"line":104,"column":8},"end":{"line":104,"column":3897}},"24":{"start":{"line":106,"column":8},"end":{"line":106,"column":39}},"25":{"start":{"line":108,"column":8},"end":{"line":108,"column":4000}},"26":{"start":{"line":109,"column":12},"end":{"line":109,"column":20}},"27":{"start":{"line":112,"column":8},"end":{"line":112,"column":39}}},"branchMap":{"1":{"line":40,"type":"if","locations":[{"start":{"line":40,"column":8},"end":{"line":40,"column":8}},{"start":{"line":40,"column":8},"end":{"line":40,"column":8}}]},"2":{"line":68,"type":"if","locations":[{"start":{"line":68,"column":8},"end":{"line":68,"column":8}},{"start":{"line":68,"column":8},"end":{"line":68,"column":8}}]},"3":{"line":78,"type":"if","locations":[{"start":{"line":78,"column":8},"end":{"line":78,"column":8}},{"start":{"line":78,"column":8},"end":{"line":78,"column":8}}]},"4":{"line":108,"type":"if","locations":[{"start":{"line":108,"column":8},"end":{"line":108,"column":8}},{"start":{"line":108,"column":8},"end":{"line":108,"column":8}}]}}},"contracts/server/tests/contracts/contracts_v1/FeeHelper.sol":{"l":{"13":0,"15":0,"16":0,"17":0,"22":0,"23":0,"24":0,"28":0,"29":0,"30":0,"31":0,"32":0,"36":0,"37":0,"38":0,"42":0,"43":0,"44":0,"48":0,"49":0,"50":0,"54":0,"55":0,"56":0,"60":0,"61":0,"62":0,"63":0,"64":0,"65":0,"66":0,"70":0,"71":0,"72":0,"76":0,"77":0,"78":0,"82":0,"83":0,"84":0,"89":0,"90":0,"91":0,"92":0,"97":0,"98":0,"99":0,"100":0,"107":0,"109":0,"110":0,"111":0,"117":0,"118":0,"119":0,"124":0,"125":0,"126":0,"131":0,"132":0,"133":0,"134":0,"139":0,"140":0,"141":0,"142":0,"143":0,"144":0,"148":0,"153":0,"155":0,"156":0,"157":0,"162":0,"166":0,"168":0,"169":0,"174":0,"176":0,"177":0,"187":0,"188":0,"189":0,"190":0,"191":0,"192":0,"193":0,"197":0,"198":0,"199":0,"204":0,"205":0,"206":0,"207":0,"208":0,"209":0},"path":"/Users/stefanstefanov/Projects/hedera-json-rpc-relay/contracts/server/tests/contracts/contracts_v1/FeeHelper.sol","s":{"1":0,"2":0,"3":0,"4":0,"5":0,"6":0,"7":0,"8":0,"9":0,"10":0,"11":0,"12":0,"13":0,"14":0,"15":0,"16":0,"17":0,"18":0,"19":0,"20":0,"21":0,"22":0,"23":0},"b":{},"f":{"1":0,"2":0,"3":0,"4":0,"5":0,"6":0,"7":0,"8":0,"9":0,"10":0,"11":0,"12":0,"13":0,"14":0,"15":0,"16":0,"17":0,"18":0,"19":0,"20":0,"21":0,"22":0,"23":0,"24":0,"25":0,"26":0,"27":0},"fnMap":{"1":{"name":"createNAmountFixedFeesForHbars","line":12,"loc":{"start":{"line":12,"column":4},"end":{"line":19,"column":4}}},"2":{"name":"createSingleFixedFeeForToken","line":21,"loc":{"start":{"line":21,"column":4},"end":{"line":25,"column":4}}},"3":{"name":"createFixedFeesForToken","line":27,"loc":{"start":{"line":27,"column":4},"end":{"line":33,"column":4}}},"4":{"name":"createSingleFixedFeeForHbars","line":35,"loc":{"start":{"line":35,"column":4},"end":{"line":39,"column":4}}},"5":{"name":"createSingleFixedFeeForCurrentToken","line":41,"loc":{"start":{"line":41,"column":4},"end":{"line":45,"column":4}}},"6":{"name":"createSingleFixedFeeWithInvalidFlags","line":47,"loc":{"start":{"line":47,"column":4},"end":{"line":51,"column":4}}},"7":{"name":"createSingleFixedFeeWithTokenIdAndHbars","line":53,"loc":{"start":{"line":53,"column":4},"end":{"line":57,"column":4}}},"8":{"name":"createFixedFeesWithAllTypes","line":59,"loc":{"start":{"line":59,"column":4},"end":{"line":67,"column":4}}},"9":{"name":"createFixedFeeForToken","line":69,"loc":{"start":{"line":69,"column":4},"end":{"line":73,"column":4}}},"10":{"name":"createFixedFeeForHbars","line":75,"loc":{"start":{"line":75,"column":4},"end":{"line":79,"column":4}}},"11":{"name":"createFixedFeeForCurrentToken","line":81,"loc":{"start":{"line":81,"column":4},"end":{"line":85,"column":4}}},"12":{"name":"createFixedFeeWithInvalidFlags","line":88,"loc":{"start":{"line":88,"column":4},"end":{"line":93,"column":4}}},"13":{"name":"createFixedFeeWithTokenIdAndHbars","line":96,"loc":{"start":{"line":96,"column":4},"end":{"line":101,"column":4}}},"14":{"name":"getEmptyFixedFees","line":103,"loc":{"start":{"line":103,"column":4},"end":{"line":103,"column":106}}},"15":{"name":"createNAmountFractionalFees","line":105,"loc":{"start":{"line":105,"column":4},"end":{"line":113,"column":4}}},"16":{"name":"createSingleFractionalFee","line":115,"loc":{"start":{"line":115,"column":4},"end":{"line":120,"column":4}}},"17":{"name":"createSingleFractionalFeeWithLimits","line":122,"loc":{"start":{"line":122,"column":4},"end":{"line":127,"column":4}}},"18":{"name":"createFractionalFee","line":129,"loc":{"start":{"line":129,"column":4},"end":{"line":135,"column":4}}},"19":{"name":"createFractionalFeeWithLimits","line":137,"loc":{"start":{"line":137,"column":4},"end":{"line":145,"column":4}}},"20":{"name":"getEmptyFractionalFees","line":147,"loc":{"start":{"line":147,"column":4},"end":{"line":149,"column":4}}},"21":{"name":"createNAmountRoyaltyFees","line":151,"loc":{"start":{"line":151,"column":4},"end":{"line":159,"column":4}}},"22":{"name":"getEmptyRoyaltyFees","line":161,"loc":{"start":{"line":161,"column":4},"end":{"line":163,"column":4}}},"23":{"name":"createSingleRoyaltyFee","line":165,"loc":{"start":{"line":165,"column":4},"end":{"line":170,"column":4}}},"24":{"name":"createSingleRoyaltyFeeWithFallbackFee","line":172,"loc":{"start":{"line":172,"column":4},"end":{"line":178,"column":4}}},"25":{"name":"createRoyaltyFeesWithAllTypes","line":180,"loc":{"start":{"line":180,"column":4},"end":{"line":194,"column":4}}},"26":{"name":"createRoyaltyFee","line":196,"loc":{"start":{"line":196,"column":4},"end":{"line":200,"column":4}}},"27":{"name":"createRoyaltyFeeWithFallbackFee","line":202,"loc":{"start":{"line":202,"column":4},"end":{"line":210,"column":4}}}},"statementMap":{"1":{"start":{"line":15,"column":8},"end":{"line":15,"column":547}},"2":{"start":{"line":16,"column":12},"end":{"line":16,"column":103}},"3":{"start":{"line":23,"column":8},"end":{"line":23,"column":108}},"4":{"start":{"line":29,"column":8},"end":{"line":29,"column":114}},"5":{"start":{"line":30,"column":8},"end":{"line":30,"column":117}},"6":{"start":{"line":37,"column":8},"end":{"line":37,"column":99}},"7":{"start":{"line":43,"column":8},"end":{"line":43,"column":106}},"8":{"start":{"line":49,"column":8},"end":{"line":49,"column":107}},"9":{"start":{"line":55,"column":8},"end":{"line":55,"column":119}},"10":{"start":{"line":61,"column":8},"end":{"line":61,"column":116}},"11":{"start":{"line":62,"column":8},"end":{"line":62,"column":109}},"12":{"start":{"line":63,"column":8},"end":{"line":63,"column":123}},"13":{"start":{"line":109,"column":8},"end":{"line":109,"column":5925}},"14":{"start":{"line":110,"column":12},"end":{"line":110,"column":142}},"15":{"start":{"line":118,"column":8},"end":{"line":118,"column":138}},"16":{"start":{"line":125,"column":8},"end":{"line":125,"column":178}},"17":{"start":{"line":155,"column":8},"end":{"line":155,"column":8680}},"18":{"start":{"line":156,"column":12},"end":{"line":156,"column":117}},"19":{"start":{"line":168,"column":8},"end":{"line":168,"column":113}},"20":{"start":{"line":176,"column":8},"end":{"line":176,"column":165}},"21":{"start":{"line":188,"column":8},"end":{"line":188,"column":128}},"22":{"start":{"line":189,"column":8},"end":{"line":189,"column":172}},"23":{"start":{"line":190,"column":8},"end":{"line":190,"column":169}}},"branchMap":{}},"contracts/server/tests/contracts/contracts_v1/HederaResponseCodes.sol":{"l":{},"path":"/Users/stefanstefanov/Projects/hedera-json-rpc-relay/contracts/server/tests/contracts/contracts_v1/HederaResponseCodes.sol","s":{},"b":{},"f":{},"fnMap":{},"statementMap":{},"branchMap":{}},"contracts/server/tests/contracts/contracts_v1/HederaTokenService.sol":{"l":{"24":0,"25":0,"27":0,"36":0,"38":0,"55":0,"58":0,"76":0,"79":0,"103":0,"106":0,"110":0,"113":0,"135":0,"138":0,"142":0,"145":0,"160":0,"165":0,"184":0,"187":0,"196":0,"198":0,"212":0,"215":0,"221":0,"223":0,"224":0,"230":0,"232":0,"233":0,"239":0,"241":0,"242":0,"255":0,"257":0,"258":0,"259":0,"260":0,"275":0,"278":0,"289":0,"292":0,"303":0,"306":0,"317":0,"320":0,"332":0,"334":0,"343":0,"345":0,"353":0,"355":0,"363":0,"365":0,"373":0,"375":0,"383":0,"385":0,"396":0,"399":0,"412":0,"415":0,"426":0,"428":0,"436":0,"438":0,"452":0,"455":0,"466":0,"469":0,"482":0,"485":0,"498":0,"501":0,"509":0,"511":0,"519":0,"521":0,"531":0,"533":0,"544":0,"546":0,"554":0,"556":0,"564":0,"566":0,"567":0,"574":0,"576":0},"path":"/Users/stefanstefanov/Projects/hedera-json-rpc-relay/contracts/server/tests/contracts/contracts_v1/HederaTokenService.sol","s":{"1":0,"2":0,"3":0,"4":0,"5":0,"6":0,"7":0,"8":0,"9":0,"10":0,"11":0,"12":0,"13":0,"14":0,"15":0,"16":0,"17":0,"18":0,"19":0,"20":0,"21":0,"22":0,"23":0,"24":0,"25":0,"26":0,"27":0,"28":0,"29":0,"30":0,"31":0,"32":0,"33":0,"34":0,"35":0,"36":0,"37":0,"38":0,"39":0,"40":0,"41":0,"42":0,"43":0,"44":0,"45":0,"46":0,"47":0,"48":0},"b":{"1":[0,0],"2":[0,0],"3":[0,0],"4":[0,0],"5":[0,0],"6":[0,0],"7":[0,0],"8":[0,0],"9":[0,0],"10":[0,0],"11":[0,0],"12":[0,0],"13":[0,0],"14":[0,0],"15":[0,0],"16":[0,0],"17":[0,0],"18":[0,0],"19":[0,0],"20":[0,0],"21":[0,0],"22":[0,0],"23":[0,0],"24":[0,0],"25":[0,0],"26":[0,0],"27":[0,0],"28":[0,0],"29":[0,0],"30":[0,0],"31":[0,0],"32":[0,0],"33":[0,0],"34":[0,0],"35":[0,0],"36":[0,0],"37":[0,0],"38":[0,0],"39":[0,0],"40":[0,0],"41":[0,0],"42":[0,0],"43":[0,0],"44":[0,0],"45":[0,0]},"f":{"1":0,"2":0,"3":0,"4":0,"5":0,"6":0,"7":0,"8":0,"9":0,"10":0,"11":0,"12":0,"13":0,"14":0,"15":0,"16":0,"17":0,"18":0,"19":0,"20":0,"21":0,"22":0,"23":0,"24":0,"25":0,"26":0,"27":0,"28":0,"29":0,"30":0,"31":0,"32":0,"33":0,"34":0,"35":0,"36":0,"37":0,"38":0,"39":0,"40":0,"41":0},"fnMap":{"1":{"name":"nonEmptyExpiry","line":22,"loc":{"start":{"line":22,"column":4},"end":{"line":28,"column":4}}},"2":{"name":"cryptoTransfer","line":33,"loc":{"start":{"line":33,"column":8},"end":{"line":39,"column":4}}},"3":{"name":"mintToken","line":52,"loc":{"start":{"line":52,"column":4},"end":{"line":62,"column":4}}},"4":{"name":"burnToken","line":73,"loc":{"start":{"line":73,"column":4},"end":{"line":83,"column":4}}},"5":{"name":"associateTokens","line":102,"loc":{"start":{"line":102,"column":4},"end":{"line":107,"column":4}}},"6":{"name":"associateToken","line":109,"loc":{"start":{"line":109,"column":4},"end":{"line":114,"column":4}}},"7":{"name":"dissociateTokens","line":134,"loc":{"start":{"line":134,"column":4},"end":{"line":139,"column":4}}},"8":{"name":"dissociateToken","line":141,"loc":{"start":{"line":141,"column":4},"end":{"line":146,"column":4}}},"9":{"name":"createFungibleToken","line":158,"loc":{"start":{"line":155,"column":4},"end":{"line":166,"column":4}}},"10":{"name":"createFungibleTokenWithCustomFees","line":182,"loc":{"start":{"line":177,"column":4},"end":{"line":188,"column":4}}},"11":{"name":"createNonFungibleToken","line":194,"loc":{"start":{"line":194,"column":4},"end":{"line":199,"column":4}}},"12":{"name":"createNonFungibleTokenWithCustomFees","line":210,"loc":{"start":{"line":207,"column":4},"end":{"line":216,"column":4}}},"13":{"name":"getFungibleTokenInfo","line":220,"loc":{"start":{"line":220,"column":4},"end":{"line":225,"column":4}}},"14":{"name":"getTokenInfo","line":229,"loc":{"start":{"line":229,"column":4},"end":{"line":234,"column":4}}},"15":{"name":"getNonFungibleTokenInfo","line":238,"loc":{"start":{"line":238,"column":4},"end":{"line":243,"column":4}}},"16":{"name":"getTokenCustomFees","line":251,"loc":{"start":{"line":251,"column":4},"end":{"line":264,"column":4}}},"17":{"name":"approve","line":273,"loc":{"start":{"line":273,"column":4},"end":{"line":279,"column":4}}},"18":{"name":"allowance","line":287,"loc":{"start":{"line":287,"column":4},"end":{"line":293,"column":4}}},"19":{"name":"approveNFT","line":301,"loc":{"start":{"line":301,"column":4},"end":{"line":307,"column":4}}},"20":{"name":"getApproved","line":315,"loc":{"start":{"line":315,"column":4},"end":{"line":324,"column":4}}},"21":{"name":"isFrozen","line":331,"loc":{"start":{"line":331,"column":4},"end":{"line":335,"column":4}}},"22":{"name":"isKyc","line":342,"loc":{"start":{"line":342,"column":4},"end":{"line":346,"column":4}}},"23":{"name":"freezeToken","line":352,"loc":{"start":{"line":352,"column":4},"end":{"line":356,"column":4}}},"24":{"name":"unfreezeToken","line":362,"loc":{"start":{"line":362,"column":4},"end":{"line":366,"column":4}}},"25":{"name":"grantTokenKyc","line":372,"loc":{"start":{"line":372,"column":4},"end":{"line":376,"column":4}}},"26":{"name":"revokeTokenKyc","line":382,"loc":{"start":{"line":382,"column":4},"end":{"line":386,"column":4}}},"27":{"name":"setApprovalForAll","line":394,"loc":{"start":{"line":394,"column":4},"end":{"line":400,"column":4}}},"28":{"name":"isApprovedForAll","line":410,"loc":{"start":{"line":410,"column":4},"end":{"line":419,"column":4}}},"29":{"name":"getTokenDefaultFreezeStatus","line":425,"loc":{"start":{"line":425,"column":4},"end":{"line":429,"column":4}}},"30":{"name":"getTokenDefaultKycStatus","line":435,"loc":{"start":{"line":435,"column":4},"end":{"line":439,"column":4}}},"31":{"name":"transferTokens","line":449,"loc":{"start":{"line":449,"column":4},"end":{"line":456,"column":4}}},"32":{"name":"transferNFTs","line":463,"loc":{"start":{"line":463,"column":4},"end":{"line":470,"column":4}}},"33":{"name":"transferToken","line":479,"loc":{"start":{"line":479,"column":4},"end":{"line":486,"column":4}}},"34":{"name":"transferNFT","line":495,"loc":{"start":{"line":495,"column":4},"end":{"line":502,"column":4}}},"35":{"name":"pauseToken","line":507,"loc":{"start":{"line":507,"column":4},"end":{"line":512,"column":4}}},"36":{"name":"unpauseToken","line":517,"loc":{"start":{"line":517,"column":4},"end":{"line":522,"column":4}}},"37":{"name":"wipeTokenAccount","line":529,"loc":{"start":{"line":529,"column":4},"end":{"line":534,"column":4}}},"38":{"name":"wipeTokenAccountNFT","line":541,"loc":{"start":{"line":541,"column":4},"end":{"line":547,"column":4}}},"39":{"name":"deleteToken","line":552,"loc":{"start":{"line":552,"column":4},"end":{"line":557,"column":4}}},"40":{"name":"getTokenExpiryInfo","line":563,"loc":{"start":{"line":563,"column":4},"end":{"line":568,"column":4}}},"41":{"name":"updateTokenExpiryInfo","line":573,"loc":{"start":{"line":573,"column":4},"end":{"line":577,"column":4}}}},"statementMap":{"1":{"start":{"line":24,"column":8},"end":{"line":24,"column":753}},"2":{"start":{"line":36,"column":8},"end":{"line":36,"column":1340}},"3":{"start":{"line":55,"column":8},"end":{"line":55,"column":2714}},"4":{"start":{"line":76,"column":8},"end":{"line":76,"column":4088}},"5":{"start":{"line":103,"column":8},"end":{"line":103,"column":6047}},"6":{"start":{"line":110,"column":8},"end":{"line":110,"column":6425}},"7":{"start":{"line":135,"column":8},"end":{"line":135,"column":8353}},"8":{"start":{"line":142,"column":8},"end":{"line":142,"column":8733}},"9":{"start":{"line":160,"column":8},"end":{"line":160,"column":9833}},"10":{"start":{"line":184,"column":8},"end":{"line":184,"column":11303}},"11":{"start":{"line":196,"column":8},"end":{"line":196,"column":12187}},"12":{"start":{"line":212,"column":8},"end":{"line":212,"column":13197}},"13":{"start":{"line":221,"column":8},"end":{"line":221,"column":13894}},"14":{"start":{"line":223,"column":8},"end":{"line":223,"column":69}},"15":{"start":{"line":230,"column":8},"end":{"line":230,"column":14538}},"16":{"start":{"line":232,"column":8},"end":{"line":232,"column":61}},"17":{"start":{"line":239,"column":8},"end":{"line":239,"column":15245}},"18":{"start":{"line":241,"column":8},"end":{"line":241,"column":72}},"19":{"start":{"line":255,"column":8},"end":{"line":255,"column":16283}},"20":{"start":{"line":257,"column":8},"end":{"line":257,"column":62}},"21":{"start":{"line":258,"column":8},"end":{"line":258,"column":72}},"22":{"start":{"line":259,"column":8},"end":{"line":259,"column":66}},"23":{"start":{"line":275,"column":8},"end":{"line":275,"column":17534}},"24":{"start":{"line":289,"column":8},"end":{"line":289,"column":18337}},"25":{"start":{"line":303,"column":8},"end":{"line":303,"column":19230}},"26":{"start":{"line":317,"column":8},"end":{"line":317,"column":20047}},"27":{"start":{"line":332,"column":8},"end":{"line":332,"column":20863}},"28":{"start":{"line":343,"column":8},"end":{"line":343,"column":21580}},"29":{"start":{"line":353,"column":8},"end":{"line":353,"column":22197}},"30":{"start":{"line":363,"column":8},"end":{"line":363,"column":22796}},"31":{"start":{"line":373,"column":8},"end":{"line":373,"column":23397}},"32":{"start":{"line":383,"column":8},"end":{"line":383,"column":24002}},"33":{"start":{"line":396,"column":8},"end":{"line":396,"column":24760}},"34":{"start":{"line":412,"column":8},"end":{"line":412,"column":25670}},"35":{"start":{"line":426,"column":8},"end":{"line":426,"column":26462}},"36":{"start":{"line":436,"column":8},"end":{"line":436,"column":27172}},"37":{"start":{"line":452,"column":8},"end":{"line":452,"column":27883}},"38":{"start":{"line":466,"column":8},"end":{"line":466,"column":28678}},"39":{"start":{"line":482,"column":8},"end":{"line":482,"column":29652}},"40":{"start":{"line":498,"column":8},"end":{"line":498,"column":30614}},"41":{"start":{"line":509,"column":8},"end":{"line":509,"column":31204}},"42":{"start":{"line":519,"column":8},"end":{"line":519,"column":31727}},"43":{"start":{"line":531,"column":8},"end":{"line":531,"column":32420}},"44":{"start":{"line":544,"column":8},"end":{"line":544,"column":33164}},"45":{"start":{"line":554,"column":8},"end":{"line":554,"column":33669}},"46":{"start":{"line":564,"column":8},"end":{"line":564,"column":34294}},"47":{"start":{"line":566,"column":8},"end":{"line":566,"column":59}},"48":{"start":{"line":574,"column":8},"end":{"line":574,"column":35006}}},"branchMap":{"1":{"line":24,"type":"if","locations":[{"start":{"line":24,"column":8},"end":{"line":24,"column":8}},{"start":{"line":24,"column":8},"end":{"line":24,"column":8}}]},"2":{"line":38,"type":"if","locations":[{"start":{"line":38,"column":33},"end":{"line":38,"column":59}},{"start":{"line":38,"column":63},"end":{"line":38,"column":89}}]},"3":{"line":60,"type":"if","locations":[{"start":{"line":60,"column":10},"end":{"line":60,"column":53}},{"start":{"line":61,"column":10},"end":{"line":61,"column":57}}]},"4":{"line":81,"type":"if","locations":[{"start":{"line":81,"column":10},"end":{"line":81,"column":44}},{"start":{"line":82,"column":10},"end":{"line":82,"column":41}}]},"5":{"line":106,"type":"if","locations":[{"start":{"line":106,"column":33},"end":{"line":106,"column":59}},{"start":{"line":106,"column":63},"end":{"line":106,"column":89}}]},"6":{"line":113,"type":"if","locations":[{"start":{"line":113,"column":33},"end":{"line":113,"column":59}},{"start":{"line":113,"column":63},"end":{"line":113,"column":89}}]},"7":{"line":138,"type":"if","locations":[{"start":{"line":138,"column":33},"end":{"line":138,"column":59}},{"start":{"line":138,"column":63},"end":{"line":138,"column":89}}]},"8":{"line":145,"type":"if","locations":[{"start":{"line":145,"column":33},"end":{"line":145,"column":59}},{"start":{"line":145,"column":63},"end":{"line":145,"column":89}}]},"9":{"line":158,"type":"if","locations":[{"start":{"line":158,"column":23},"end":{"line":158,"column":23}},{"start":{"line":158,"column":23},"end":{"line":158,"column":23}}]},"10":{"line":165,"type":"if","locations":[{"start":{"line":165,"column":49},"end":{"line":165,"column":84}},{"start":{"line":165,"column":88},"end":{"line":165,"column":128}}]},"11":{"line":182,"type":"if","locations":[{"start":{"line":182,"column":67},"end":{"line":182,"column":67}},{"start":{"line":182,"column":67},"end":{"line":182,"column":67}}]},"12":{"line":187,"type":"if","locations":[{"start":{"line":187,"column":49},"end":{"line":187,"column":84}},{"start":{"line":187,"column":88},"end":{"line":187,"column":128}}]},"13":{"line":194,"type":"if","locations":[{"start":{"line":194,"column":82},"end":{"line":194,"column":82}},{"start":{"line":194,"column":82},"end":{"line":194,"column":82}}]},"14":{"line":198,"type":"if","locations":[{"start":{"line":198,"column":49},"end":{"line":198,"column":84}},{"start":{"line":198,"column":88},"end":{"line":198,"column":128}}]},"15":{"line":210,"type":"if","locations":[{"start":{"line":210,"column":61},"end":{"line":210,"column":61}},{"start":{"line":210,"column":61},"end":{"line":210,"column":61}}]},"16":{"line":215,"type":"if","locations":[{"start":{"line":215,"column":49},"end":{"line":215,"column":84}},{"start":{"line":215,"column":88},"end":{"line":215,"column":128}}]},"17":{"line":224,"type":"if","locations":[{"start":{"line":224,"column":46},"end":{"line":224,"column":111}},{"start":{"line":224,"column":115},"end":{"line":224,"column":161}}]},"18":{"line":233,"type":"if","locations":[{"start":{"line":233,"column":46},"end":{"line":233,"column":103}},{"start":{"line":233,"column":107},"end":{"line":233,"column":153}}]},"19":{"line":242,"type":"if","locations":[{"start":{"line":242,"column":46},"end":{"line":242,"column":114}},{"start":{"line":242,"column":118},"end":{"line":242,"column":164}}]},"20":{"line":261,"type":"if","locations":[{"start":{"line":261,"column":18},"end":{"line":262,"column":127}},{"start":{"line":263,"column":10},"end":{"line":263,"column":99}}]},"21":{"line":278,"type":"if","locations":[{"start":{"line":278,"column":33},"end":{"line":278,"column":59}},{"start":{"line":278,"column":63},"end":{"line":278,"column":89}}]},"22":{"line":292,"type":"if","locations":[{"start":{"line":292,"column":43},"end":{"line":292,"column":78}},{"start":{"line":292,"column":82},"end":{"line":292,"column":113}}]},"23":{"line":306,"type":"if","locations":[{"start":{"line":306,"column":33},"end":{"line":306,"column":59}},{"start":{"line":306,"column":63},"end":{"line":306,"column":89}}]},"24":{"line":322,"type":"if","locations":[{"start":{"line":322,"column":10},"end":{"line":322,"column":45}},{"start":{"line":323,"column":10},"end":{"line":323,"column":50}}]},"25":{"line":334,"type":"if","locations":[{"start":{"line":334,"column":43},"end":{"line":334,"column":74}},{"start":{"line":334,"column":78},"end":{"line":334,"column":112}}]},"26":{"line":345,"type":"if","locations":[{"start":{"line":345,"column":47},"end":{"line":345,"column":78}},{"start":{"line":345,"column":82},"end":{"line":345,"column":116}}]},"27":{"line":355,"type":"if","locations":[{"start":{"line":355,"column":35},"end":{"line":355,"column":61}},{"start":{"line":355,"column":65},"end":{"line":355,"column":91}}]},"28":{"line":365,"type":"if","locations":[{"start":{"line":365,"column":35},"end":{"line":365,"column":61}},{"start":{"line":365,"column":65},"end":{"line":365,"column":91}}]},"29":{"line":375,"type":"if","locations":[{"start":{"line":375,"column":35},"end":{"line":375,"column":61}},{"start":{"line":375,"column":65},"end":{"line":375,"column":91}}]},"30":{"line":385,"type":"if","locations":[{"start":{"line":385,"column":35},"end":{"line":385,"column":61}},{"start":{"line":385,"column":65},"end":{"line":385,"column":91}}]},"31":{"line":399,"type":"if","locations":[{"start":{"line":399,"column":33},"end":{"line":399,"column":59}},{"start":{"line":399,"column":63},"end":{"line":399,"column":89}}]},"32":{"line":417,"type":"if","locations":[{"start":{"line":417,"column":10},"end":{"line":417,"column":42}},{"start":{"line":418,"column":10},"end":{"line":418,"column":45}}]},"33":{"line":428,"type":"if","locations":[{"start":{"line":428,"column":56},"end":{"line":428,"column":88}},{"start":{"line":428,"column":92},"end":{"line":428,"column":127}}]},"34":{"line":438,"type":"if","locations":[{"start":{"line":438,"column":53},"end":{"line":438,"column":85}},{"start":{"line":438,"column":89},"end":{"line":438,"column":124}}]},"35":{"line":455,"type":"if","locations":[{"start":{"line":455,"column":33},"end":{"line":455,"column":59}},{"start":{"line":455,"column":63},"end":{"line":455,"column":89}}]},"36":{"line":469,"type":"if","locations":[{"start":{"line":469,"column":33},"end":{"line":469,"column":59}},{"start":{"line":469,"column":63},"end":{"line":469,"column":89}}]},"37":{"line":485,"type":"if","locations":[{"start":{"line":485,"column":33},"end":{"line":485,"column":59}},{"start":{"line":485,"column":63},"end":{"line":485,"column":89}}]},"38":{"line":501,"type":"if","locations":[{"start":{"line":501,"column":33},"end":{"line":501,"column":59}},{"start":{"line":501,"column":63},"end":{"line":501,"column":89}}]},"39":{"line":511,"type":"if","locations":[{"start":{"line":511,"column":35},"end":{"line":511,"column":61}},{"start":{"line":511,"column":65},"end":{"line":511,"column":91}}]},"40":{"line":521,"type":"if","locations":[{"start":{"line":521,"column":35},"end":{"line":521,"column":61}},{"start":{"line":521,"column":65},"end":{"line":521,"column":91}}]},"41":{"line":533,"type":"if","locations":[{"start":{"line":533,"column":35},"end":{"line":533,"column":61}},{"start":{"line":533,"column":65},"end":{"line":533,"column":91}}]},"42":{"line":546,"type":"if","locations":[{"start":{"line":546,"column":35},"end":{"line":546,"column":61}},{"start":{"line":546,"column":65},"end":{"line":546,"column":91}}]},"43":{"line":556,"type":"if","locations":[{"start":{"line":556,"column":35},"end":{"line":556,"column":61}},{"start":{"line":556,"column":65},"end":{"line":556,"column":91}}]},"44":{"line":567,"type":"if","locations":[{"start":{"line":567,"column":47},"end":{"line":567,"column":101}},{"start":{"line":567,"column":105},"end":{"line":567,"column":152}}]},"45":{"line":576,"type":"if","locations":[{"start":{"line":576,"column":35},"end":{"line":576,"column":61}},{"start":{"line":576,"column":65},"end":{"line":576,"column":91}}]}}},"contracts/server/tests/contracts/contracts_v1/IHederaTokenService.sol":{"l":{},"path":"/Users/stefanstefanov/Projects/hedera-json-rpc-relay/contracts/server/tests/contracts/contracts_v1/IHederaTokenService.sol","s":{},"b":{},"f":{},"fnMap":{},"statementMap":{},"branchMap":{}},"contracts/server/tests/contracts/contracts_v1/KeyHelper.sol":{"l":{"13":0,"14":0,"15":0,"19":0,"20":0,"24":0,"25":0,"29":0,"30":0,"34":0,"38":0,"42":0,"46":0,"47":0,"51":0,"52":0,"53":0,"54":0,"55":0,"56":0,"57":0,"61":0,"62":0,"64":0,"66":0,"68":0,"70":0,"72":0,"74":0,"77":0,"81":0,"82":0,"84":0,"86":0,"88":0,"90":0,"95":0,"96":0,"98":0,"110":0},"path":"/Users/stefanstefanov/Projects/hedera-json-rpc-relay/contracts/server/tests/contracts/contracts_v1/KeyHelper.sol","s":{"1":0,"2":0,"3":0,"4":0,"5":0,"6":0,"7":0,"8":0,"9":0,"10":0,"11":0,"12":0,"13":0,"14":0,"15":0,"16":0,"17":0,"18":0,"19":0,"20":0,"21":0,"22":0,"23":0},"b":{"1":[0,0],"2":[0,0],"3":[0,0],"4":[0,0],"5":[0,0],"6":[0,0],"7":[0,0],"8":[0,0],"9":[0,0],"10":[0,0],"11":[0,0],"12":[0,0],"13":[0,0],"14":[0,0]},"f":{"1":0,"2":0,"3":0,"4":0,"5":0,"6":0,"7":0,"8":0,"9":0,"10":0,"11":0,"12":0,"13":0},"fnMap":{"1":{"name":"getDefaultKeys","line":12,"loc":{"start":{"line":12,"column":4},"end":{"line":16,"column":4}}},"2":{"name":"getAllTypeKeys","line":18,"loc":{"start":{"line":18,"column":4},"end":{"line":21,"column":4}}},"3":{"name":"getCustomSingleTypeKeys","line":23,"loc":{"start":{"line":23,"column":4},"end":{"line":26,"column":4}}},"4":{"name":"getCustomDuplexTypeKeys","line":28,"loc":{"start":{"line":28,"column":4},"end":{"line":31,"column":4}}},"5":{"name":"getSingleKey","line":33,"loc":{"start":{"line":33,"column":4},"end":{"line":35,"column":4}}},"6":{"name":"getSingleKey","line":37,"loc":{"start":{"line":37,"column":4},"end":{"line":39,"column":4}}},"7":{"name":"getSingleKey","line":41,"loc":{"start":{"line":41,"column":4},"end":{"line":43,"column":4}}},"8":{"name":"getDuplexKeyType","line":45,"loc":{"start":{"line":45,"column":4},"end":{"line":48,"column":4}}},"9":{"name":"getAllKeyTypes","line":50,"loc":{"start":{"line":50,"column":4},"end":{"line":58,"column":4}}},"10":{"name":"getKeyType","line":60,"loc":{"start":{"line":60,"column":4},"end":{"line":78,"column":4}}},"11":{"name":"getKeyValueType","line":80,"loc":{"start":{"line":80,"column":4},"end":{"line":92,"column":4}}},"12":{"name":"getKeyValueType","line":94,"loc":{"start":{"line":94,"column":4},"end":{"line":100,"column":4}}},"13":{"name":"setBit","line":109,"loc":{"start":{"line":109,"column":4},"end":{"line":111,"column":4}}}},"statementMap":{"1":{"start":{"line":61,"column":8},"end":{"line":61,"column":2993}},"2":{"start":{"line":62,"column":12},"end":{"line":62,"column":52}},"3":{"start":{"line":63,"column":15},"end":{"line":63,"column":3082}},"4":{"start":{"line":64,"column":12},"end":{"line":64,"column":50}},"5":{"start":{"line":65,"column":15},"end":{"line":65,"column":3168}},"6":{"start":{"line":66,"column":12},"end":{"line":66,"column":53}},"7":{"start":{"line":67,"column":15},"end":{"line":67,"column":3257}},"8":{"start":{"line":68,"column":12},"end":{"line":68,"column":51}},"9":{"start":{"line":69,"column":15},"end":{"line":69,"column":3344}},"10":{"start":{"line":70,"column":12},"end":{"line":70,"column":53}},"11":{"start":{"line":71,"column":15},"end":{"line":71,"column":3433}},"12":{"start":{"line":72,"column":12},"end":{"line":72,"column":59}},"13":{"start":{"line":73,"column":15},"end":{"line":73,"column":3528}},"14":{"start":{"line":74,"column":12},"end":{"line":74,"column":52}},"15":{"start":{"line":77,"column":8},"end":{"line":77,"column":16}},"16":{"start":{"line":81,"column":8},"end":{"line":81,"column":3783}},"17":{"start":{"line":83,"column":15},"end":{"line":83,"column":3869}},"18":{"start":{"line":85,"column":15},"end":{"line":85,"column":3958}},"19":{"start":{"line":87,"column":15},"end":{"line":87,"column":4033}},"20":{"start":{"line":89,"column":15},"end":{"line":89,"column":4116}},"21":{"start":{"line":95,"column":8},"end":{"line":95,"column":4366}},"22":{"start":{"line":97,"column":15},"end":{"line":97,"column":4452}},"23":{"start":{"line":110,"column":8},"end":{"line":110,"column":34}}},"branchMap":{"1":{"line":61,"type":"if","locations":[{"start":{"line":61,"column":8},"end":{"line":61,"column":8}},{"start":{"line":61,"column":8},"end":{"line":61,"column":8}}]},"2":{"line":63,"type":"if","locations":[{"start":{"line":63,"column":15},"end":{"line":63,"column":15}},{"start":{"line":63,"column":15},"end":{"line":63,"column":15}}]},"3":{"line":65,"type":"if","locations":[{"start":{"line":65,"column":15},"end":{"line":65,"column":15}},{"start":{"line":65,"column":15},"end":{"line":65,"column":15}}]},"4":{"line":67,"type":"if","locations":[{"start":{"line":67,"column":15},"end":{"line":67,"column":15}},{"start":{"line":67,"column":15},"end":{"line":67,"column":15}}]},"5":{"line":69,"type":"if","locations":[{"start":{"line":69,"column":15},"end":{"line":69,"column":15}},{"start":{"line":69,"column":15},"end":{"line":69,"column":15}}]},"6":{"line":71,"type":"if","locations":[{"start":{"line":71,"column":15},"end":{"line":71,"column":15}},{"start":{"line":71,"column":15},"end":{"line":71,"column":15}}]},"7":{"line":73,"type":"if","locations":[{"start":{"line":73,"column":15},"end":{"line":73,"column":15}},{"start":{"line":73,"column":15},"end":{"line":73,"column":15}}]},"8":{"line":81,"type":"if","locations":[{"start":{"line":81,"column":8},"end":{"line":81,"column":8}},{"start":{"line":81,"column":8},"end":{"line":81,"column":8}}]},"9":{"line":83,"type":"if","locations":[{"start":{"line":83,"column":15},"end":{"line":83,"column":15}},{"start":{"line":83,"column":15},"end":{"line":83,"column":15}}]},"10":{"line":85,"type":"if","locations":[{"start":{"line":85,"column":15},"end":{"line":85,"column":15}},{"start":{"line":85,"column":15},"end":{"line":85,"column":15}}]},"11":{"line":87,"type":"if","locations":[{"start":{"line":87,"column":15},"end":{"line":87,"column":15}},{"start":{"line":87,"column":15},"end":{"line":87,"column":15}}]},"12":{"line":89,"type":"if","locations":[{"start":{"line":89,"column":15},"end":{"line":89,"column":15}},{"start":{"line":89,"column":15},"end":{"line":89,"column":15}}]},"13":{"line":95,"type":"if","locations":[{"start":{"line":95,"column":8},"end":{"line":95,"column":8}},{"start":{"line":95,"column":8},"end":{"line":95,"column":8}}]},"14":{"line":97,"type":"if","locations":[{"start":{"line":97,"column":15},"end":{"line":97,"column":15}},{"start":{"line":97,"column":15},"end":{"line":97,"column":15}}]}}},"contracts/server/tests/contracts/Deployer.sol":{"l":{"6":0,"10":0,"21":0,"25":0,"26":0,"30":0,"34":0,"36":0,"40":0,"42":0},"path":"/Users/stefanstefanov/Projects/hedera-json-rpc-relay/contracts/server/tests/contracts/Deployer.sol","s":{"1":0,"2":0,"3":0,"4":0,"5":0,"6":0,"7":0,"8":0},"b":{},"f":{"1":0,"2":0,"3":0,"4":0,"5":0,"6":0,"7":0},"fnMap":{"1":{"name":"getAddress","line":5,"loc":{"start":{"line":5,"column":4},"end":{"line":7,"column":4}}},"2":{"name":"destroy","line":9,"loc":{"start":{"line":9,"column":4},"end":{"line":11,"column":4}}},"3":{"name":"constructor","line":20,"loc":{"start":{"line":20,"column":4},"end":{"line":22,"column":4}}},"4":{"name":"updateCounter","line":24,"loc":{"start":{"line":24,"column":4},"end":{"line":27,"column":4}}},"5":{"name":"getMockContractAddress","line":29,"loc":{"start":{"line":29,"column":4},"end":{"line":31,"column":4}}},"6":{"name":"deployViaCreate","line":33,"loc":{"start":{"line":33,"column":4},"end":{"line":37,"column":4}}},"7":{"name":"deployViaCreate2","line":39,"loc":{"start":{"line":39,"column":4},"end":{"line":43,"column":4}}}},"statementMap":{"1":{"start":{"line":6,"column":8},"end":{"line":6,"column":28}},"2":{"start":{"line":10,"column":8},"end":{"line":10,"column":40}},"3":{"start":{"line":26,"column":8},"end":{"line":26,"column":22}},"4":{"start":{"line":30,"column":8},"end":{"line":30,"column":36}},"5":{"start":{"line":34,"column":8},"end":{"line":34,"column":53}},"6":{"start":{"line":36,"column":8},"end":{"line":36,"column":35}},"7":{"start":{"line":40,"column":8},"end":{"line":40,"column":77}},"8":{"start":{"line":42,"column":8},"end":{"line":42,"column":35}}},"branchMap":{}},"contracts/server/tests/contracts/EstimateGasContract.sol":{"l":{"6":0,"10":0,"14":0,"18":0,"22":0,"26":0,"32":0,"42":0,"46":0,"50":0,"52":0,"56":0,"58":0,"62":0,"63":0,"65":0,"66":0,"67":0,"77":0,"81":0,"82":0,"84":0,"85":0,"86":0,"96":0,"100":0,"101":0,"103":0,"104":0,"105":0,"115":0,"119":0,"132":0,"138":0,"142":0,"146":0,"150":0,"151":0,"153":0,"154":0,"166":0,"167":0,"172":0,"173":0,"178":0,"179":0,"184":0,"185":0,"190":0,"191":0,"196":0,"200":0,"204":0,"208":0,"209":0,"210":0,"212":0,"222":0,"226":0},"path":"/Users/stefanstefanov/Projects/hedera-json-rpc-relay/contracts/server/tests/contracts/EstimateGasContract.sol","s":{"1":0,"2":0,"3":0,"4":0,"5":0,"6":0,"7":0,"8":0,"9":0,"10":0,"11":0,"12":0,"13":0,"14":0,"15":0,"16":0,"17":0,"18":0,"19":0,"20":0,"21":0,"22":0,"23":0,"24":0,"25":0,"26":0,"27":0,"28":0,"29":0,"30":0,"31":0,"32":0,"33":0,"34":0,"35":0,"36":0,"37":0,"38":0,"39":0,"40":0,"41":0,"42":0,"43":0,"44":0,"45":0,"46":0,"47":0,"48":0,"49":0},"b":{"1":[0,0]},"f":{"1":0,"2":0,"3":0,"4":0,"5":0,"6":0,"7":0,"8":0,"9":0,"10":0,"11":0,"12":0,"13":0,"14":0,"15":0,"16":0,"17":0,"18":0,"19":0,"20":0,"21":0,"22":0,"23":0,"24":0,"25":0,"26":0,"27":0,"28":0,"29":0,"30":0,"31":0},"fnMap":{"1":{"name":"pureMultiply","line":5,"loc":{"start":{"line":5,"column":4},"end":{"line":7,"column":4}}},"2":{"name":"msgSender","line":9,"loc":{"start":{"line":9,"column":4},"end":{"line":11,"column":4}}},"3":{"name":"txOrigin","line":13,"loc":{"start":{"line":13,"column":4},"end":{"line":15,"column":4}}},"4":{"name":"msgSig","line":17,"loc":{"start":{"line":17,"column":4},"end":{"line":19,"column":4}}},"5":{"name":"msgValue","line":21,"loc":{"start":{"line":21,"column":4},"end":{"line":23,"column":4}}},"6":{"name":"addressBalance","line":25,"loc":{"start":{"line":25,"column":4},"end":{"line":27,"column":4}}},"7":{"name":"getAddress","line":31,"loc":{"start":{"line":31,"column":4},"end":{"line":33,"column":4}}},"8":{"name":"constructor","line":41,"loc":{"start":{"line":41,"column":4},"end":{"line":43,"column":4}}},"9":{"name":"updateCounter","line":45,"loc":{"start":{"line":45,"column":4},"end":{"line":47,"column":4}}},"10":{"name":"deployViaCreate","line":49,"loc":{"start":{"line":49,"column":4},"end":{"line":53,"column":4}}},"11":{"name":"deployViaCreate2","line":55,"loc":{"start":{"line":55,"column":4},"end":{"line":59,"column":4}}},"12":{"name":"staticCallToContract","line":61,"loc":{"start":{"line":61,"column":4},"end":{"line":78,"column":4}}},"13":{"name":"delegateCallToContract","line":80,"loc":{"start":{"line":80,"column":4},"end":{"line":97,"column":4}}},"14":{"name":"callCodeToContract","line":99,"loc":{"start":{"line":99,"column":4},"end":{"line":116,"column":4}}},"15":{"name":"logs","line":118,"loc":{"start":{"line":118,"column":4},"end":{"line":129,"column":4}}},"16":{"name":"destroy","line":131,"loc":{"start":{"line":131,"column":4},"end":{"line":135,"column":4}}},"17":{"name":"callToInvalidContract","line":137,"loc":{"start":{"line":137,"column":4},"end":{"line":139,"column":4}}},"18":{"name":"delegateCallToInvalidContract","line":141,"loc":{"start":{"line":141,"column":4},"end":{"line":143,"column":4}}},"19":{"name":"staticCallToInvalidContract","line":145,"loc":{"start":{"line":145,"column":4},"end":{"line":147,"column":4}}},"20":{"name":"callCodeToInvalidContract","line":149,"loc":{"start":{"line":149,"column":4},"end":{"line":163,"column":4}}},"21":{"name":"callExternalFunctionNTimes","line":165,"loc":{"start":{"line":165,"column":4},"end":{"line":169,"column":4}}},"22":{"name":"delegatecallExternalFunctionNTimes","line":171,"loc":{"start":{"line":171,"column":4},"end":{"line":175,"column":4}}},"23":{"name":"delegatecallExternalViewFunctionNTimes","line":177,"loc":{"start":{"line":177,"column":4},"end":{"line":181,"column":4}}},"24":{"name":"updateStateNTimes","line":183,"loc":{"start":{"line":183,"column":4},"end":{"line":187,"column":4}}},"25":{"name":"callExternalViewFunctionNTimes","line":189,"loc":{"start":{"line":189,"column":4},"end":{"line":193,"column":4}}},"26":{"name":"reentrancyWithTransfer","line":195,"loc":{"start":{"line":195,"column":4},"end":{"line":197,"column":4}}},"27":{"name":"reentrancyWithCall","line":199,"loc":{"start":{"line":199,"column":4},"end":{"line":201,"column":4}}},"28":{"name":"getGasLeft","line":203,"loc":{"start":{"line":203,"column":4},"end":{"line":205,"column":4}}},"29":{"name":"nestedCalls","line":207,"loc":{"start":{"line":207,"column":4},"end":{"line":213,"column":4}}},"30":{"name":"constructor","line":221,"loc":{"start":{"line":221,"column":4},"end":{"line":223,"column":4}}},"31":{"name":null,"line":225,"loc":{"start":{"line":225,"column":4},"end":{"line":227,"column":4}}}},"statementMap":{"1":{"start":{"line":6,"column":8},"end":{"line":6,"column":20}},"2":{"start":{"line":10,"column":8},"end":{"line":10,"column":25}},"3":{"start":{"line":14,"column":8},"end":{"line":14,"column":24}},"4":{"start":{"line":18,"column":8},"end":{"line":18,"column":22}},"5":{"start":{"line":22,"column":8},"end":{"line":22,"column":24}},"6":{"start":{"line":26,"column":8},"end":{"line":26,"column":27}},"7":{"start":{"line":32,"column":8},"end":{"line":32,"column":28}},"8":{"start":{"line":50,"column":8},"end":{"line":50,"column":53}},"9":{"start":{"line":52,"column":8},"end":{"line":52,"column":35}},"10":{"start":{"line":56,"column":8},"end":{"line":56,"column":78}},"11":{"start":{"line":58,"column":8},"end":{"line":58,"column":35}},"12":{"start":{"line":62,"column":8},"end":{"line":62,"column":27}},"13":{"start":{"line":63,"column":8},"end":{"line":63,"column":20}},"14":{"start":{"line":65,"column":8},"end":{"line":65,"column":44}},"15":{"start":{"line":66,"column":8},"end":{"line":66,"column":54}},"16":{"start":{"line":77,"column":8},"end":{"line":77,"column":44}},"17":{"start":{"line":81,"column":8},"end":{"line":81,"column":27}},"18":{"start":{"line":82,"column":8},"end":{"line":82,"column":20}},"19":{"start":{"line":84,"column":8},"end":{"line":84,"column":44}},"20":{"start":{"line":85,"column":8},"end":{"line":85,"column":54}},"21":{"start":{"line":96,"column":8},"end":{"line":96,"column":44}},"22":{"start":{"line":100,"column":8},"end":{"line":100,"column":27}},"23":{"start":{"line":101,"column":8},"end":{"line":101,"column":20}},"24":{"start":{"line":103,"column":8},"end":{"line":103,"column":44}},"25":{"start":{"line":104,"column":8},"end":{"line":104,"column":54}},"26":{"start":{"line":115,"column":8},"end":{"line":115,"column":44}},"27":{"start":{"line":138,"column":8},"end":{"line":138,"column":74}},"28":{"start":{"line":142,"column":8},"end":{"line":142,"column":82}},"29":{"start":{"line":146,"column":8},"end":{"line":146,"column":80}},"30":{"start":{"line":150,"column":8},"end":{"line":150,"column":27}},"31":{"start":{"line":151,"column":8},"end":{"line":151,"column":20}},"32":{"start":{"line":153,"column":8},"end":{"line":153,"column":59}},"33":{"start":{"line":166,"column":8},"end":{"line":166,"column":4955}},"34":{"start":{"line":167,"column":12},"end":{"line":167,"column":86}},"35":{"start":{"line":172,"column":8},"end":{"line":172,"column":5201}},"36":{"start":{"line":173,"column":12},"end":{"line":173,"column":94}},"37":{"start":{"line":178,"column":8},"end":{"line":178,"column":5459}},"38":{"start":{"line":179,"column":12},"end":{"line":179,"column":81}},"39":{"start":{"line":184,"column":8},"end":{"line":184,"column":5657}},"40":{"start":{"line":190,"column":8},"end":{"line":190,"column":5835}},"41":{"start":{"line":191,"column":12},"end":{"line":191,"column":73}},"42":{"start":{"line":196,"column":8},"end":{"line":196,"column":37}},"43":{"start":{"line":200,"column":8},"end":{"line":200,"column":45}},"44":{"start":{"line":204,"column":8},"end":{"line":204,"column":24}},"45":{"start":{"line":208,"column":8},"end":{"line":208,"column":6421}},"46":{"start":{"line":209,"column":12},"end":{"line":209,"column":153}},"47":{"start":{"line":210,"column":12},"end":{"line":210,"column":41}},"48":{"start":{"line":212,"column":8},"end":{"line":212,"column":18}},"49":{"start":{"line":226,"column":8},"end":{"line":226,"column":127}}},"branchMap":{"1":{"line":208,"type":"if","locations":[{"start":{"line":208,"column":8},"end":{"line":208,"column":8}},{"start":{"line":208,"column":8},"end":{"line":208,"column":8}}]}}},"contracts/server/tests/contracts/FeeHelper.sol":{"l":{"13":0,"15":0,"16":0,"17":0,"22":0,"23":0,"24":0,"28":0,"29":0,"30":0,"31":0,"32":0,"36":0,"37":0,"38":0,"42":0,"43":0,"44":0,"48":0,"49":0,"50":0,"54":0,"55":0,"56":0,"60":0,"61":0,"62":0,"63":0,"64":0,"65":0,"66":0,"70":0,"71":0,"72":0,"76":0,"77":0,"78":0,"82":0,"83":0,"84":0,"89":0,"90":0,"91":0,"92":0,"97":0,"98":0,"99":0,"100":0,"107":0,"109":0,"110":0,"111":0,"117":0,"118":0,"119":0,"124":0,"125":0,"126":0,"131":0,"132":0,"133":0,"134":0,"139":0,"140":0,"141":0,"142":0,"143":0,"144":0,"148":0,"153":0,"155":0,"156":0,"157":0,"162":0,"166":0,"168":0,"169":0,"174":0,"176":0,"177":0,"187":0,"188":0,"189":0,"190":0,"191":0,"192":0,"193":0,"197":0,"198":0,"199":0,"204":0,"205":0,"206":0,"207":0,"208":0,"209":0},"path":"/Users/stefanstefanov/Projects/hedera-json-rpc-relay/contracts/server/tests/contracts/FeeHelper.sol","s":{"1":0,"2":0,"3":0,"4":0,"5":0,"6":0,"7":0,"8":0,"9":0,"10":0,"11":0,"12":0,"13":0,"14":0,"15":0,"16":0,"17":0,"18":0,"19":0,"20":0,"21":0,"22":0,"23":0},"b":{},"f":{"1":0,"2":0,"3":0,"4":0,"5":0,"6":0,"7":0,"8":0,"9":0,"10":0,"11":0,"12":0,"13":0,"14":0,"15":0,"16":0,"17":0,"18":0,"19":0,"20":0,"21":0,"22":0,"23":0,"24":0,"25":0,"26":0,"27":0},"fnMap":{"1":{"name":"createNAmountFixedFeesForHbars","line":12,"loc":{"start":{"line":12,"column":4},"end":{"line":19,"column":4}}},"2":{"name":"createSingleFixedFeeForToken","line":21,"loc":{"start":{"line":21,"column":4},"end":{"line":25,"column":4}}},"3":{"name":"createFixedFeesForToken","line":27,"loc":{"start":{"line":27,"column":4},"end":{"line":33,"column":4}}},"4":{"name":"createSingleFixedFeeForHbars","line":35,"loc":{"start":{"line":35,"column":4},"end":{"line":39,"column":4}}},"5":{"name":"createSingleFixedFeeForCurrentToken","line":41,"loc":{"start":{"line":41,"column":4},"end":{"line":45,"column":4}}},"6":{"name":"createSingleFixedFeeWithInvalidFlags","line":47,"loc":{"start":{"line":47,"column":4},"end":{"line":51,"column":4}}},"7":{"name":"createSingleFixedFeeWithTokenIdAndHbars","line":53,"loc":{"start":{"line":53,"column":4},"end":{"line":57,"column":4}}},"8":{"name":"createFixedFeesWithAllTypes","line":59,"loc":{"start":{"line":59,"column":4},"end":{"line":67,"column":4}}},"9":{"name":"createFixedFeeForToken","line":69,"loc":{"start":{"line":69,"column":4},"end":{"line":73,"column":4}}},"10":{"name":"createFixedFeeForHbars","line":75,"loc":{"start":{"line":75,"column":4},"end":{"line":79,"column":4}}},"11":{"name":"createFixedFeeForCurrentToken","line":81,"loc":{"start":{"line":81,"column":4},"end":{"line":85,"column":4}}},"12":{"name":"createFixedFeeWithInvalidFlags","line":88,"loc":{"start":{"line":88,"column":4},"end":{"line":93,"column":4}}},"13":{"name":"createFixedFeeWithTokenIdAndHbars","line":96,"loc":{"start":{"line":96,"column":4},"end":{"line":101,"column":4}}},"14":{"name":"getEmptyFixedFees","line":103,"loc":{"start":{"line":103,"column":4},"end":{"line":103,"column":106}}},"15":{"name":"createNAmountFractionalFees","line":105,"loc":{"start":{"line":105,"column":4},"end":{"line":113,"column":4}}},"16":{"name":"createSingleFractionalFee","line":115,"loc":{"start":{"line":115,"column":4},"end":{"line":120,"column":4}}},"17":{"name":"createSingleFractionalFeeWithLimits","line":122,"loc":{"start":{"line":122,"column":4},"end":{"line":127,"column":4}}},"18":{"name":"createFractionalFee","line":129,"loc":{"start":{"line":129,"column":4},"end":{"line":135,"column":4}}},"19":{"name":"createFractionalFeeWithLimits","line":137,"loc":{"start":{"line":137,"column":4},"end":{"line":145,"column":4}}},"20":{"name":"getEmptyFractionalFees","line":147,"loc":{"start":{"line":147,"column":4},"end":{"line":149,"column":4}}},"21":{"name":"createNAmountRoyaltyFees","line":151,"loc":{"start":{"line":151,"column":4},"end":{"line":159,"column":4}}},"22":{"name":"getEmptyRoyaltyFees","line":161,"loc":{"start":{"line":161,"column":4},"end":{"line":163,"column":4}}},"23":{"name":"createSingleRoyaltyFee","line":165,"loc":{"start":{"line":165,"column":4},"end":{"line":170,"column":4}}},"24":{"name":"createSingleRoyaltyFeeWithFallbackFee","line":172,"loc":{"start":{"line":172,"column":4},"end":{"line":178,"column":4}}},"25":{"name":"createRoyaltyFeesWithAllTypes","line":180,"loc":{"start":{"line":180,"column":4},"end":{"line":194,"column":4}}},"26":{"name":"createRoyaltyFee","line":196,"loc":{"start":{"line":196,"column":4},"end":{"line":200,"column":4}}},"27":{"name":"createRoyaltyFeeWithFallbackFee","line":202,"loc":{"start":{"line":202,"column":4},"end":{"line":210,"column":4}}}},"statementMap":{"1":{"start":{"line":15,"column":8},"end":{"line":15,"column":547}},"2":{"start":{"line":16,"column":12},"end":{"line":16,"column":103}},"3":{"start":{"line":23,"column":8},"end":{"line":23,"column":108}},"4":{"start":{"line":29,"column":8},"end":{"line":29,"column":114}},"5":{"start":{"line":30,"column":8},"end":{"line":30,"column":117}},"6":{"start":{"line":37,"column":8},"end":{"line":37,"column":99}},"7":{"start":{"line":43,"column":8},"end":{"line":43,"column":106}},"8":{"start":{"line":49,"column":8},"end":{"line":49,"column":107}},"9":{"start":{"line":55,"column":8},"end":{"line":55,"column":119}},"10":{"start":{"line":61,"column":8},"end":{"line":61,"column":116}},"11":{"start":{"line":62,"column":8},"end":{"line":62,"column":109}},"12":{"start":{"line":63,"column":8},"end":{"line":63,"column":123}},"13":{"start":{"line":109,"column":8},"end":{"line":109,"column":5925}},"14":{"start":{"line":110,"column":12},"end":{"line":110,"column":142}},"15":{"start":{"line":118,"column":8},"end":{"line":118,"column":138}},"16":{"start":{"line":125,"column":8},"end":{"line":125,"column":178}},"17":{"start":{"line":155,"column":8},"end":{"line":155,"column":8680}},"18":{"start":{"line":156,"column":12},"end":{"line":156,"column":117}},"19":{"start":{"line":168,"column":8},"end":{"line":168,"column":113}},"20":{"start":{"line":176,"column":8},"end":{"line":176,"column":165}},"21":{"start":{"line":188,"column":8},"end":{"line":188,"column":128}},"22":{"start":{"line":189,"column":8},"end":{"line":189,"column":172}},"23":{"start":{"line":190,"column":8},"end":{"line":190,"column":169}}},"branchMap":{}},"contracts/server/tests/contracts/HederaResponseCodes.sol":{"l":{},"path":"/Users/stefanstefanov/Projects/hedera-json-rpc-relay/contracts/server/tests/contracts/HederaResponseCodes.sol","s":{},"b":{},"f":{},"fnMap":{},"statementMap":{},"branchMap":{}},"contracts/server/tests/contracts/HederaTokenService.sol":{"l":{"24":0,"25":0,"27":0,"36":0,"38":0,"55":0,"58":0,"76":0,"79":0,"103":0,"106":0,"110":0,"113":0,"135":0,"138":0,"142":0,"145":0,"160":0,"165":0,"184":0,"187":0,"196":0,"198":0,"212":0,"215":0,"221":0,"223":0,"224":0,"230":0,"232":0,"233":0,"239":0,"241":0,"242":0,"255":0,"257":0,"258":0,"259":0,"260":0,"275":0,"278":0,"289":0,"292":0,"303":0,"306":0,"317":0,"320":0,"332":0,"334":0,"343":0,"345":0,"353":0,"355":0,"363":0,"365":0,"373":0,"375":0,"383":0,"385":0,"396":0,"399":0,"412":0,"415":0,"426":0,"428":0,"436":0,"438":0,"452":0,"455":0,"466":0,"469":0,"482":0,"485":0,"498":0,"501":0,"509":0,"511":0,"519":0,"521":0,"531":0,"533":0,"544":0,"546":0,"554":0,"556":0,"565":0,"567":0,"577":0,"579":0,"580":0,"589":0,"591":0,"599":0,"601":0,"609":0,"611":0,"612":0,"619":0,"621":0,"629":0,"631":0},"path":"/Users/stefanstefanov/Projects/hedera-json-rpc-relay/contracts/server/tests/contracts/HederaTokenService.sol","s":{"1":0,"2":0,"3":0,"4":0,"5":0,"6":0,"7":0,"8":0,"9":0,"10":0,"11":0,"12":0,"13":0,"14":0,"15":0,"16":0,"17":0,"18":0,"19":0,"20":0,"21":0,"22":0,"23":0,"24":0,"25":0,"26":0,"27":0,"28":0,"29":0,"30":0,"31":0,"32":0,"33":0,"34":0,"35":0,"36":0,"37":0,"38":0,"39":0,"40":0,"41":0,"42":0,"43":0,"44":0,"45":0,"46":0,"47":0,"48":0,"49":0,"50":0,"51":0,"52":0,"53":0,"54":0},"b":{"1":[0,0],"2":[0,0],"3":[0,0],"4":[0,0],"5":[0,0],"6":[0,0],"7":[0,0],"8":[0,0],"9":[0,0],"10":[0,0],"11":[0,0],"12":[0,0],"13":[0,0],"14":[0,0],"15":[0,0],"16":[0,0],"17":[0,0],"18":[0,0],"19":[0,0],"20":[0,0],"21":[0,0],"22":[0,0],"23":[0,0],"24":[0,0],"25":[0,0],"26":[0,0],"27":[0,0],"28":[0,0],"29":[0,0],"30":[0,0],"31":[0,0],"32":[0,0],"33":[0,0],"34":[0,0],"35":[0,0],"36":[0,0],"37":[0,0],"38":[0,0],"39":[0,0],"40":[0,0],"41":[0,0],"42":[0,0],"43":[0,0],"44":[0,0],"45":[0,0],"46":[0,0],"47":[0,0],"48":[0,0],"49":[0,0],"50":[0,0]},"f":{"1":0,"2":0,"3":0,"4":0,"5":0,"6":0,"7":0,"8":0,"9":0,"10":0,"11":0,"12":0,"13":0,"14":0,"15":0,"16":0,"17":0,"18":0,"19":0,"20":0,"21":0,"22":0,"23":0,"24":0,"25":0,"26":0,"27":0,"28":0,"29":0,"30":0,"31":0,"32":0,"33":0,"34":0,"35":0,"36":0,"37":0,"38":0,"39":0,"40":0,"41":0,"42":0,"43":0,"44":0,"45":0,"46":0},"fnMap":{"1":{"name":"nonEmptyExpiry","line":22,"loc":{"start":{"line":22,"column":4},"end":{"line":28,"column":4}}},"2":{"name":"cryptoTransfer","line":33,"loc":{"start":{"line":33,"column":4},"end":{"line":39,"column":4}}},"3":{"name":"mintToken","line":52,"loc":{"start":{"line":52,"column":4},"end":{"line":62,"column":4}}},"4":{"name":"burnToken","line":73,"loc":{"start":{"line":73,"column":4},"end":{"line":83,"column":4}}},"5":{"name":"associateTokens","line":102,"loc":{"start":{"line":102,"column":4},"end":{"line":107,"column":4}}},"6":{"name":"associateToken","line":109,"loc":{"start":{"line":109,"column":4},"end":{"line":114,"column":4}}},"7":{"name":"dissociateTokens","line":134,"loc":{"start":{"line":134,"column":4},"end":{"line":139,"column":4}}},"8":{"name":"dissociateToken","line":141,"loc":{"start":{"line":141,"column":4},"end":{"line":146,"column":4}}},"9":{"name":"createFungibleToken","line":158,"loc":{"start":{"line":155,"column":4},"end":{"line":166,"column":4}}},"10":{"name":"createFungibleTokenWithCustomFees","line":182,"loc":{"start":{"line":177,"column":4},"end":{"line":188,"column":4}}},"11":{"name":"createNonFungibleToken","line":194,"loc":{"start":{"line":194,"column":4},"end":{"line":199,"column":4}}},"12":{"name":"createNonFungibleTokenWithCustomFees","line":210,"loc":{"start":{"line":207,"column":4},"end":{"line":216,"column":4}}},"13":{"name":"getFungibleTokenInfo","line":220,"loc":{"start":{"line":220,"column":4},"end":{"line":225,"column":4}}},"14":{"name":"getTokenInfo","line":229,"loc":{"start":{"line":229,"column":4},"end":{"line":234,"column":4}}},"15":{"name":"getNonFungibleTokenInfo","line":238,"loc":{"start":{"line":238,"column":4},"end":{"line":243,"column":4}}},"16":{"name":"getTokenCustomFees","line":251,"loc":{"start":{"line":251,"column":4},"end":{"line":264,"column":4}}},"17":{"name":"approve","line":273,"loc":{"start":{"line":273,"column":4},"end":{"line":279,"column":4}}},"18":{"name":"allowance","line":287,"loc":{"start":{"line":287,"column":4},"end":{"line":293,"column":4}}},"19":{"name":"approveNFT","line":301,"loc":{"start":{"line":301,"column":4},"end":{"line":307,"column":4}}},"20":{"name":"getApproved","line":315,"loc":{"start":{"line":315,"column":4},"end":{"line":324,"column":4}}},"21":{"name":"isFrozen","line":331,"loc":{"start":{"line":331,"column":4},"end":{"line":335,"column":4}}},"22":{"name":"isKyc","line":342,"loc":{"start":{"line":342,"column":4},"end":{"line":346,"column":4}}},"23":{"name":"freezeToken","line":352,"loc":{"start":{"line":352,"column":4},"end":{"line":356,"column":4}}},"24":{"name":"unfreezeToken","line":362,"loc":{"start":{"line":362,"column":4},"end":{"line":366,"column":4}}},"25":{"name":"grantTokenKyc","line":372,"loc":{"start":{"line":372,"column":4},"end":{"line":376,"column":4}}},"26":{"name":"revokeTokenKyc","line":382,"loc":{"start":{"line":382,"column":4},"end":{"line":386,"column":4}}},"27":{"name":"setApprovalForAll","line":394,"loc":{"start":{"line":394,"column":4},"end":{"line":400,"column":4}}},"28":{"name":"isApprovedForAll","line":410,"loc":{"start":{"line":410,"column":4},"end":{"line":419,"column":4}}},"29":{"name":"getTokenDefaultFreezeStatus","line":425,"loc":{"start":{"line":425,"column":4},"end":{"line":429,"column":4}}},"30":{"name":"getTokenDefaultKycStatus","line":435,"loc":{"start":{"line":435,"column":4},"end":{"line":439,"column":4}}},"31":{"name":"transferTokens","line":449,"loc":{"start":{"line":449,"column":4},"end":{"line":456,"column":4}}},"32":{"name":"transferNFTs","line":463,"loc":{"start":{"line":463,"column":4},"end":{"line":470,"column":4}}},"33":{"name":"transferToken","line":479,"loc":{"start":{"line":479,"column":4},"end":{"line":486,"column":4}}},"34":{"name":"transferNFT","line":495,"loc":{"start":{"line":495,"column":4},"end":{"line":502,"column":4}}},"35":{"name":"pauseToken","line":507,"loc":{"start":{"line":507,"column":4},"end":{"line":512,"column":4}}},"36":{"name":"unpauseToken","line":517,"loc":{"start":{"line":517,"column":4},"end":{"line":522,"column":4}}},"37":{"name":"wipeTokenAccount","line":529,"loc":{"start":{"line":529,"column":4},"end":{"line":534,"column":4}}},"38":{"name":"wipeTokenAccountNFT","line":541,"loc":{"start":{"line":541,"column":4},"end":{"line":547,"column":4}}},"39":{"name":"deleteToken","line":552,"loc":{"start":{"line":552,"column":4},"end":{"line":557,"column":4}}},"40":{"name":"updateTokenKeys","line":563,"loc":{"start":{"line":563,"column":4},"end":{"line":568,"column":4}}},"41":{"name":"getTokenKey","line":575,"loc":{"start":{"line":575,"column":4},"end":{"line":581,"column":4}}},"42":{"name":"isToken","line":588,"loc":{"start":{"line":588,"column":4},"end":{"line":592,"column":4}}},"43":{"name":"getTokenType","line":598,"loc":{"start":{"line":598,"column":4},"end":{"line":602,"column":4}}},"44":{"name":"getTokenExpiryInfo","line":608,"loc":{"start":{"line":608,"column":4},"end":{"line":613,"column":4}}},"45":{"name":"updateTokenExpiryInfo","line":618,"loc":{"start":{"line":618,"column":4},"end":{"line":622,"column":4}}},"46":{"name":"updateTokenInfo","line":628,"loc":{"start":{"line":628,"column":4},"end":{"line":632,"column":4}}}},"statementMap":{"1":{"start":{"line":24,"column":8},"end":{"line":24,"column":753}},"2":{"start":{"line":36,"column":8},"end":{"line":36,"column":1336}},"3":{"start":{"line":55,"column":8},"end":{"line":55,"column":2710}},"4":{"start":{"line":76,"column":8},"end":{"line":76,"column":4084}},"5":{"start":{"line":103,"column":8},"end":{"line":103,"column":6043}},"6":{"start":{"line":110,"column":8},"end":{"line":110,"column":6421}},"7":{"start":{"line":135,"column":8},"end":{"line":135,"column":8349}},"8":{"start":{"line":142,"column":8},"end":{"line":142,"column":8729}},"9":{"start":{"line":160,"column":8},"end":{"line":160,"column":9833}},"10":{"start":{"line":184,"column":8},"end":{"line":184,"column":11308}},"11":{"start":{"line":196,"column":8},"end":{"line":196,"column":12193}},"12":{"start":{"line":212,"column":8},"end":{"line":212,"column":13204}},"13":{"start":{"line":221,"column":8},"end":{"line":221,"column":13902}},"14":{"start":{"line":223,"column":8},"end":{"line":223,"column":69}},"15":{"start":{"line":230,"column":8},"end":{"line":230,"column":14546}},"16":{"start":{"line":232,"column":8},"end":{"line":232,"column":61}},"17":{"start":{"line":239,"column":8},"end":{"line":239,"column":15253}},"18":{"start":{"line":241,"column":8},"end":{"line":241,"column":72}},"19":{"start":{"line":255,"column":8},"end":{"line":255,"column":16291}},"20":{"start":{"line":257,"column":8},"end":{"line":257,"column":62}},"21":{"start":{"line":258,"column":8},"end":{"line":258,"column":72}},"22":{"start":{"line":259,"column":8},"end":{"line":259,"column":66}},"23":{"start":{"line":275,"column":8},"end":{"line":275,"column":17542}},"24":{"start":{"line":289,"column":8},"end":{"line":289,"column":18345}},"25":{"start":{"line":303,"column":8},"end":{"line":303,"column":19238}},"26":{"start":{"line":317,"column":8},"end":{"line":317,"column":20055}},"27":{"start":{"line":332,"column":8},"end":{"line":332,"column":20872}},"28":{"start":{"line":343,"column":8},"end":{"line":343,"column":21590}},"29":{"start":{"line":353,"column":8},"end":{"line":353,"column":22209}},"30":{"start":{"line":363,"column":8},"end":{"line":363,"column":22809}},"31":{"start":{"line":373,"column":8},"end":{"line":373,"column":23411}},"32":{"start":{"line":383,"column":8},"end":{"line":383,"column":24017}},"33":{"start":{"line":396,"column":8},"end":{"line":396,"column":24775}},"34":{"start":{"line":412,"column":8},"end":{"line":412,"column":25685}},"35":{"start":{"line":426,"column":8},"end":{"line":426,"column":26477}},"36":{"start":{"line":436,"column":8},"end":{"line":436,"column":27187}},"37":{"start":{"line":452,"column":8},"end":{"line":452,"column":27898}},"38":{"start":{"line":466,"column":8},"end":{"line":466,"column":28693}},"39":{"start":{"line":482,"column":8},"end":{"line":482,"column":29667}},"40":{"start":{"line":498,"column":8},"end":{"line":498,"column":30629}},"41":{"start":{"line":509,"column":8},"end":{"line":509,"column":31219}},"42":{"start":{"line":519,"column":8},"end":{"line":519,"column":31742}},"43":{"start":{"line":531,"column":8},"end":{"line":531,"column":32435}},"44":{"start":{"line":544,"column":8},"end":{"line":544,"column":33179}},"45":{"start":{"line":554,"column":8},"end":{"line":554,"column":33684}},"46":{"start":{"line":565,"column":8},"end":{"line":565,"column":34295}},"47":{"start":{"line":577,"column":8},"end":{"line":577,"column":34988}},"48":{"start":{"line":579,"column":8},"end":{"line":579,"column":63}},"49":{"start":{"line":589,"column":8},"end":{"line":589,"column":35724}},"50":{"start":{"line":599,"column":8},"end":{"line":599,"column":36408}},"51":{"start":{"line":609,"column":8},"end":{"line":609,"column":37056}},"52":{"start":{"line":611,"column":8},"end":{"line":611,"column":59}},"53":{"start":{"line":619,"column":8},"end":{"line":619,"column":37768}},"54":{"start":{"line":629,"column":8},"end":{"line":629,"column":38411}}},"branchMap":{"1":{"line":24,"type":"if","locations":[{"start":{"line":24,"column":8},"end":{"line":24,"column":8}},{"start":{"line":24,"column":8},"end":{"line":24,"column":8}}]},"2":{"line":38,"type":"if","locations":[{"start":{"line":38,"column":33},"end":{"line":38,"column":59}},{"start":{"line":38,"column":63},"end":{"line":38,"column":89}}]},"3":{"line":60,"type":"if","locations":[{"start":{"line":60,"column":10},"end":{"line":60,"column":53}},{"start":{"line":61,"column":10},"end":{"line":61,"column":57}}]},"4":{"line":81,"type":"if","locations":[{"start":{"line":81,"column":10},"end":{"line":81,"column":44}},{"start":{"line":82,"column":10},"end":{"line":82,"column":41}}]},"5":{"line":106,"type":"if","locations":[{"start":{"line":106,"column":33},"end":{"line":106,"column":59}},{"start":{"line":106,"column":63},"end":{"line":106,"column":89}}]},"6":{"line":113,"type":"if","locations":[{"start":{"line":113,"column":33},"end":{"line":113,"column":59}},{"start":{"line":113,"column":63},"end":{"line":113,"column":89}}]},"7":{"line":138,"type":"if","locations":[{"start":{"line":138,"column":33},"end":{"line":138,"column":59}},{"start":{"line":138,"column":63},"end":{"line":138,"column":89}}]},"8":{"line":145,"type":"if","locations":[{"start":{"line":145,"column":33},"end":{"line":145,"column":59}},{"start":{"line":145,"column":63},"end":{"line":145,"column":89}}]},"9":{"line":158,"type":"if","locations":[{"start":{"line":158,"column":25},"end":{"line":158,"column":25}},{"start":{"line":158,"column":25},"end":{"line":158,"column":25}}]},"10":{"line":165,"type":"if","locations":[{"start":{"line":165,"column":49},"end":{"line":165,"column":84}},{"start":{"line":165,"column":88},"end":{"line":165,"column":128}}]},"11":{"line":182,"type":"if","locations":[{"start":{"line":182,"column":67},"end":{"line":182,"column":67}},{"start":{"line":182,"column":67},"end":{"line":182,"column":67}}]},"12":{"line":187,"type":"if","locations":[{"start":{"line":187,"column":49},"end":{"line":187,"column":84}},{"start":{"line":187,"column":88},"end":{"line":187,"column":128}}]},"13":{"line":194,"type":"if","locations":[{"start":{"line":194,"column":82},"end":{"line":194,"column":82}},{"start":{"line":194,"column":82},"end":{"line":194,"column":82}}]},"14":{"line":198,"type":"if","locations":[{"start":{"line":198,"column":49},"end":{"line":198,"column":84}},{"start":{"line":198,"column":88},"end":{"line":198,"column":128}}]},"15":{"line":210,"type":"if","locations":[{"start":{"line":210,"column":61},"end":{"line":210,"column":61}},{"start":{"line":210,"column":61},"end":{"line":210,"column":61}}]},"16":{"line":215,"type":"if","locations":[{"start":{"line":215,"column":49},"end":{"line":215,"column":84}},{"start":{"line":215,"column":88},"end":{"line":215,"column":128}}]},"17":{"line":224,"type":"if","locations":[{"start":{"line":224,"column":46},"end":{"line":224,"column":111}},{"start":{"line":224,"column":115},"end":{"line":224,"column":161}}]},"18":{"line":233,"type":"if","locations":[{"start":{"line":233,"column":46},"end":{"line":233,"column":103}},{"start":{"line":233,"column":107},"end":{"line":233,"column":153}}]},"19":{"line":242,"type":"if","locations":[{"start":{"line":242,"column":46},"end":{"line":242,"column":114}},{"start":{"line":242,"column":118},"end":{"line":242,"column":164}}]},"20":{"line":261,"type":"if","locations":[{"start":{"line":261,"column":18},"end":{"line":262,"column":127}},{"start":{"line":263,"column":10},"end":{"line":263,"column":99}}]},"21":{"line":278,"type":"if","locations":[{"start":{"line":278,"column":33},"end":{"line":278,"column":59}},{"start":{"line":278,"column":63},"end":{"line":278,"column":89}}]},"22":{"line":292,"type":"if","locations":[{"start":{"line":292,"column":43},"end":{"line":292,"column":78}},{"start":{"line":292,"column":82},"end":{"line":292,"column":113}}]},"23":{"line":306,"type":"if","locations":[{"start":{"line":306,"column":33},"end":{"line":306,"column":59}},{"start":{"line":306,"column":63},"end":{"line":306,"column":89}}]},"24":{"line":322,"type":"if","locations":[{"start":{"line":322,"column":10},"end":{"line":322,"column":45}},{"start":{"line":323,"column":10},"end":{"line":323,"column":50}}]},"25":{"line":334,"type":"if","locations":[{"start":{"line":334,"column":43},"end":{"line":334,"column":75}},{"start":{"line":334,"column":79},"end":{"line":334,"column":114}}]},"26":{"line":345,"type":"if","locations":[{"start":{"line":345,"column":47},"end":{"line":345,"column":79}},{"start":{"line":345,"column":83},"end":{"line":345,"column":118}}]},"27":{"line":355,"type":"if","locations":[{"start":{"line":355,"column":35},"end":{"line":355,"column":61}},{"start":{"line":355,"column":65},"end":{"line":355,"column":91}}]},"28":{"line":365,"type":"if","locations":[{"start":{"line":365,"column":35},"end":{"line":365,"column":61}},{"start":{"line":365,"column":65},"end":{"line":365,"column":91}}]},"29":{"line":375,"type":"if","locations":[{"start":{"line":375,"column":35},"end":{"line":375,"column":61}},{"start":{"line":375,"column":65},"end":{"line":375,"column":91}}]},"30":{"line":385,"type":"if","locations":[{"start":{"line":385,"column":35},"end":{"line":385,"column":61}},{"start":{"line":385,"column":65},"end":{"line":385,"column":91}}]},"31":{"line":399,"type":"if","locations":[{"start":{"line":399,"column":33},"end":{"line":399,"column":59}},{"start":{"line":399,"column":63},"end":{"line":399,"column":89}}]},"32":{"line":417,"type":"if","locations":[{"start":{"line":417,"column":10},"end":{"line":417,"column":42}},{"start":{"line":418,"column":10},"end":{"line":418,"column":45}}]},"33":{"line":428,"type":"if","locations":[{"start":{"line":428,"column":56},"end":{"line":428,"column":88}},{"start":{"line":428,"column":92},"end":{"line":428,"column":127}}]},"34":{"line":438,"type":"if","locations":[{"start":{"line":438,"column":53},"end":{"line":438,"column":85}},{"start":{"line":438,"column":89},"end":{"line":438,"column":124}}]},"35":{"line":455,"type":"if","locations":[{"start":{"line":455,"column":33},"end":{"line":455,"column":59}},{"start":{"line":455,"column":63},"end":{"line":455,"column":89}}]},"36":{"line":469,"type":"if","locations":[{"start":{"line":469,"column":33},"end":{"line":469,"column":59}},{"start":{"line":469,"column":63},"end":{"line":469,"column":89}}]},"37":{"line":485,"type":"if","locations":[{"start":{"line":485,"column":33},"end":{"line":485,"column":59}},{"start":{"line":485,"column":63},"end":{"line":485,"column":89}}]},"38":{"line":501,"type":"if","locations":[{"start":{"line":501,"column":33},"end":{"line":501,"column":59}},{"start":{"line":501,"column":63},"end":{"line":501,"column":89}}]},"39":{"line":511,"type":"if","locations":[{"start":{"line":511,"column":35},"end":{"line":511,"column":61}},{"start":{"line":511,"column":65},"end":{"line":511,"column":91}}]},"40":{"line":521,"type":"if","locations":[{"start":{"line":521,"column":35},"end":{"line":521,"column":61}},{"start":{"line":521,"column":65},"end":{"line":521,"column":91}}]},"41":{"line":533,"type":"if","locations":[{"start":{"line":533,"column":35},"end":{"line":533,"column":61}},{"start":{"line":533,"column":65},"end":{"line":533,"column":91}}]},"42":{"line":546,"type":"if","locations":[{"start":{"line":546,"column":35},"end":{"line":546,"column":61}},{"start":{"line":546,"column":65},"end":{"line":546,"column":91}}]},"43":{"line":556,"type":"if","locations":[{"start":{"line":556,"column":35},"end":{"line":556,"column":61}},{"start":{"line":556,"column":65},"end":{"line":556,"column":91}}]},"44":{"line":567,"type":"if","locations":[{"start":{"line":567,"column":35},"end":{"line":567,"column":61}},{"start":{"line":567,"column":65},"end":{"line":567,"column":91}}]},"45":{"line":580,"type":"if","locations":[{"start":{"line":580,"column":40},"end":{"line":580,"column":96}},{"start":{"line":580,"column":100},"end":{"line":580,"column":149}}]},"46":{"line":591,"type":"if","locations":[{"start":{"line":591,"column":48},"end":{"line":591,"column":80}},{"start":{"line":591,"column":84},"end":{"line":591,"column":119}}]},"47":{"line":601,"type":"if","locations":[{"start":{"line":601,"column":46},"end":{"line":601,"column":79}},{"start":{"line":601,"column":83},"end":{"line":601,"column":116}}]},"48":{"line":612,"type":"if","locations":[{"start":{"line":612,"column":47},"end":{"line":612,"column":101}},{"start":{"line":612,"column":105},"end":{"line":612,"column":152}}]},"49":{"line":621,"type":"if","locations":[{"start":{"line":621,"column":35},"end":{"line":621,"column":61}},{"start":{"line":621,"column":65},"end":{"line":621,"column":91}}]},"50":{"line":631,"type":"if","locations":[{"start":{"line":631,"column":35},"end":{"line":631,"column":61}},{"start":{"line":631,"column":65},"end":{"line":631,"column":91}}]}}},"contracts/server/tests/contracts/HederaTokenServiceImpl.sol":{"l":{"10":0,"12":0,"13":0,"15":0,"19":0,"20":0,"21":0,"23":0,"27":0,"28":0,"29":0,"31":0,"35":0,"36":0,"37":0,"39":0,"43":0,"44":0,"45":0,"47":0,"56":0,"57":0,"58":0,"59":0,"65":0,"66":0,"67":0,"69":0,"74":0,"75":0,"76":0,"78":0,"85":0,"86":0,"87":0,"89":0,"93":0,"94":0,"95":0,"97":0,"102":0,"103":0,"104":0,"106":0,"111":0,"112":0,"113":0,"115":0},"path":"/Users/stefanstefanov/Projects/hedera-json-rpc-relay/contracts/server/tests/contracts/HederaTokenServiceImpl.sol","s":{"1":0,"2":0,"3":0,"4":0,"5":0,"6":0,"7":0,"8":0,"9":0,"10":0,"11":0,"12":0,"13":0,"14":0,"15":0,"16":0,"17":0,"18":0,"19":0,"20":0,"21":0,"22":0,"23":0,"24":0,"25":0,"26":0,"27":0,"28":0,"29":0,"30":0,"31":0,"32":0,"33":0,"34":0,"35":0,"36":0,"37":0,"38":0,"39":0,"40":0,"41":0,"42":0,"43":0},"b":{"1":[0,0],"2":[0,0],"3":[0,0],"4":[0,0],"5":[0,0],"6":[0,0],"7":[0,0],"8":[0,0],"9":[0,0],"10":[0,0],"11":[0,0],"12":[0,0]},"f":{"1":0,"2":0,"3":0,"4":0,"5":0,"6":0,"7":0,"8":0,"9":0,"10":0,"11":0,"12":0},"fnMap":{"1":{"name":"isTokenAddress","line":9,"loc":{"start":{"line":9,"column":4},"end":{"line":16,"column":4}}},"2":{"name":"isTokenFrozen","line":18,"loc":{"start":{"line":18,"column":4},"end":{"line":24,"column":4}}},"3":{"name":"isKycGranted","line":26,"loc":{"start":{"line":26,"column":4},"end":{"line":32,"column":4}}},"4":{"name":"getTokenDefaultFreeze","line":34,"loc":{"start":{"line":34,"column":4},"end":{"line":40,"column":4}}},"5":{"name":"getTokenDefaultKyc","line":42,"loc":{"start":{"line":42,"column":4},"end":{"line":48,"column":4}}},"6":{"name":"getCustomFeesForToken","line":50,"loc":{"start":{"line":50,"column":4},"end":{"line":61,"column":4}}},"7":{"name":"getInformationForToken","line":63,"loc":{"start":{"line":63,"column":4},"end":{"line":70,"column":4}}},"8":{"name":"getInformationForFungibleToken","line":72,"loc":{"start":{"line":72,"column":4},"end":{"line":79,"column":4}}},"9":{"name":"getInformationForNonFungibleToken","line":81,"loc":{"start":{"line":81,"column":4},"end":{"line":90,"column":4}}},"10":{"name":"getType","line":92,"loc":{"start":{"line":92,"column":4},"end":{"line":98,"column":4}}},"11":{"name":"getExpiryInfoForToken","line":100,"loc":{"start":{"line":100,"column":4},"end":{"line":107,"column":4}}},"12":{"name":"getTokenKeyPublic","line":109,"loc":{"start":{"line":109,"column":4},"end":{"line":116,"column":4}}}},"statementMap":{"1":{"start":{"line":10,"column":8},"end":{"line":10,"column":77}},"2":{"start":{"line":12,"column":8},"end":{"line":12,"column":400}},"3":{"start":{"line":13,"column":12},"end":{"line":13,"column":49}},"4":{"start":{"line":15,"column":8},"end":{"line":15,"column":24}},"5":{"start":{"line":19,"column":8},"end":{"line":19,"column":84}},"6":{"start":{"line":20,"column":8},"end":{"line":20,"column":721}},"7":{"start":{"line":21,"column":12},"end":{"line":21,"column":43}},"8":{"start":{"line":23,"column":8},"end":{"line":23,"column":21}},"9":{"start":{"line":27,"column":8},"end":{"line":27,"column":85}},"10":{"start":{"line":28,"column":8},"end":{"line":28,"column":1032}},"11":{"start":{"line":29,"column":12},"end":{"line":29,"column":40}},"12":{"start":{"line":31,"column":8},"end":{"line":31,"column":25}},"13":{"start":{"line":35,"column":8},"end":{"line":35,"column":94}},"14":{"start":{"line":36,"column":8},"end":{"line":36,"column":1346}},"15":{"start":{"line":37,"column":12},"end":{"line":37,"column":56}},"16":{"start":{"line":39,"column":8},"end":{"line":39,"column":21}},"17":{"start":{"line":43,"column":8},"end":{"line":43,"column":88}},"18":{"start":{"line":44,"column":8},"end":{"line":44,"column":1663}},"19":{"start":{"line":45,"column":12},"end":{"line":45,"column":53}},"20":{"start":{"line":47,"column":8},"end":{"line":47,"column":18}},"21":{"start":{"line":56,"column":8},"end":{"line":56,"column":27}},"22":{"start":{"line":58,"column":8},"end":{"line":58,"column":2216}},"23":{"start":{"line":59,"column":12},"end":{"line":59,"column":19}},"24":{"start":{"line":65,"column":8},"end":{"line":65,"column":126}},"25":{"start":{"line":66,"column":8},"end":{"line":66,"column":2565}},"26":{"start":{"line":67,"column":12},"end":{"line":67,"column":19}},"27":{"start":{"line":74,"column":8},"end":{"line":74,"column":142}},"28":{"start":{"line":75,"column":8},"end":{"line":75,"column":2994}},"29":{"start":{"line":76,"column":12},"end":{"line":76,"column":19}},"30":{"start":{"line":85,"column":8},"end":{"line":85,"column":162}},"31":{"start":{"line":86,"column":8},"end":{"line":86,"column":3494}},"32":{"start":{"line":87,"column":12},"end":{"line":87,"column":19}},"33":{"start":{"line":93,"column":8},"end":{"line":93,"column":86}},"34":{"start":{"line":94,"column":8},"end":{"line":94,"column":3795}},"35":{"start":{"line":95,"column":12},"end":{"line":95,"column":49}},"36":{"start":{"line":97,"column":8},"end":{"line":97,"column":24}},"37":{"start":{"line":102,"column":8},"end":{"line":102,"column":126}},"38":{"start":{"line":103,"column":8},"end":{"line":103,"column":4191}},"39":{"start":{"line":104,"column":12},"end":{"line":104,"column":19}},"40":{"start":{"line":111,"column":8},"end":{"line":111,"column":118}},"41":{"start":{"line":112,"column":8},"end":{"line":112,"column":4565}},"42":{"start":{"line":113,"column":12},"end":{"line":113,"column":19}},"43":{"start":{"line":115,"column":8},"end":{"line":115,"column":18}}},"branchMap":{"1":{"line":12,"type":"if","locations":[{"start":{"line":12,"column":8},"end":{"line":12,"column":8}},{"start":{"line":12,"column":8},"end":{"line":12,"column":8}}]},"2":{"line":20,"type":"if","locations":[{"start":{"line":20,"column":8},"end":{"line":20,"column":8}},{"start":{"line":20,"column":8},"end":{"line":20,"column":8}}]},"3":{"line":28,"type":"if","locations":[{"start":{"line":28,"column":8},"end":{"line":28,"column":8}},{"start":{"line":28,"column":8},"end":{"line":28,"column":8}}]},"4":{"line":36,"type":"if","locations":[{"start":{"line":36,"column":8},"end":{"line":36,"column":8}},{"start":{"line":36,"column":8},"end":{"line":36,"column":8}}]},"5":{"line":44,"type":"if","locations":[{"start":{"line":44,"column":8},"end":{"line":44,"column":8}},{"start":{"line":44,"column":8},"end":{"line":44,"column":8}}]},"6":{"line":58,"type":"if","locations":[{"start":{"line"
[...]
column":8},"end":{"line":125,"column":8}}]},"7":{"line":135,"type":"if","locations":[{"start":{"line":135,"column":8},"end":{"line":135,"column":8}},{"start":{"line":135,"column":8},"end":{"line":135,"column":8}}]},"8":{"line":145,"type":"if","locations":[{"start":{"line":145,"column":8},"end":{"line":145,"column":8}},{"start":{"line":145,"column":8},"end":{"line":145,"column":8}}]},"9":{"line":157,"type":"if","locations":[{"start":{"line":157,"column":8},"end":{"line":157,"column":8}},{"start":{"line":157,"column":8},"end":{"line":157,"column":8}}]}}},"contracts/server/tests/contracts/TokenCreateContract.sol":{"l":{"19":0,"20":0,"21":0,"22":0,"28":0,"30":0,"32":0,"33":0,"38":0,"39":0,"40":0,"41":0,"43":0,"48":0,"49":0,"50":0,"51":0,"56":0,"57":0,"58":0,"59":0,"65":0,"66":0,"68":0,"69":0,"72":0,"77":0,"78":0,"80":0,"81":0,"88":0,"89":0,"91":0,"92":0,"95":0,"99":0,"101":0,"103":0,"104":0,"107":0,"115":0,"116":0,"118":0,"122":0,"126":0,"127":0,"129":0,"130":0,"132":0,"134":0,"136":0,"137":0,"140":0,"148":0,"149":0,"151":0,"152":0,"155":0,"159":0,"160":0,"162":0,"163":0,"168":0,"170":0,"172":0,"173":0,"176":0,"180":0,"182":0,"184":0,"185":0,"188":0,"192":0,"194":0,"196":0,"197":0},"path":"/Users/stefanstefanov/Projects/hedera-json-rpc-relay/contracts/server/tests/contracts/TokenCreateContract.sol","s":{"1":0,"2":0,"3":0,"4":0,"5":0,"6":0,"7":0,"8":0,"9":0,"10":0,"11":0,"12":0,"13":0,"14":0,"15":0,"16":0,"17":0,"18":0,"19":0,"20":0,"21":0,"22":0,"23":0,"24":0,"25":0,"26":0,"27":0,"28":0,"29":0,"30":0,"31":0,"32":0,"33":0,"34":0,"35":0,"36":0,"37":0,"38":0,"39":0,"40":0,"41":0,"42":0,"43":0,"44":0,"45":0,"46":0,"47":0,"48":0,"49":0,"50":0,"51":0,"52":0,"53":0,"54":0,"55":0,"56":0,"57":0,"58":0,"59":0},"b":{"1":[0,0],"2":[0,0],"3":[0,0],"4":[0,0],"5":[0,0],"6":[0,0],"7":[0,0],"8":[0,0],"9":[0,0],"10":[0,0],"11":[0,0],"12":[0,0],"13":[0,0],"14":[0,0],"15":[0,0]},"f":{"1":0,"2":0,"3":0,"4":0,"5":0,"6":0,"7":0,"8":0,"9":0,"10":0,"11":0,"12":0,"13":0,"14":0,"15":0},"fnMap":{"1":{"name":"approvePublic","line":18,"loc":{"start":{"line":18,"column":4},"end":{"line":24,"column":4}}},"2":{"name":"approveNFTPublic","line":26,"loc":{"start":{"line":26,"column":4},"end":{"line":35,"column":4}}},"3":{"name":"allowancePublic","line":37,"loc":{"start":{"line":37,"column":4},"end":{"line":44,"column":4}}},"4":{"name":"transferTokenPublic","line":47,"loc":{"start":{"line":47,"column":4},"end":{"line":53,"column":4}}},"5":{"name":"cryptoTransferPublic","line":55,"loc":{"start":{"line":55,"column":4},"end":{"line":61,"column":4}}},"6":{"name":"getApprovedPublic","line":63,"loc":{"start":{"line":63,"column":4},"end":{"line":73,"column":4}}},"7":{"name":"setApprovalForAllPublic","line":75,"loc":{"start":{"line":75,"column":4},"end":{"line":83,"column":4}}},"8":{"name":"isApprovedForAllPublic","line":86,"loc":{"start":{"line":86,"column":4},"end":{"line":96,"column":4}}},"9":{"name":"getFungibleTokenInfoPublic","line":98,"loc":{"start":{"line":98,"column":4},"end":{"line":108,"column":4}}},"10":{"name":"createFungibleTokenWithCustomFeesPublic","line":111,"loc":{"start":{"line":111,"column":4},"end":{"line":141,"column":4}}},"11":{"name":"getTokenCustomFeesPublic","line":143,"loc":{"start":{"line":143,"column":4},"end":{"line":156,"column":4}}},"12":{"name":"deleteTokenPublic","line":158,"loc":{"start":{"line":158,"column":4},"end":{"line":165,"column":4}}},"13":{"name":"getTokenDefaultKycStatusPublic","line":167,"loc":{"start":{"line":167,"column":4},"end":{"line":177,"column":4}}},"14":{"name":"isKycPublic","line":179,"loc":{"start":{"line":179,"column":4},"end":{"line":189,"column":4}}},"15":{"name":"revokeTokenKycPublic","line":191,"loc":{"start":{"line":191,"column":4},"end":{"line":199,"column":4}}}},"statementMap":{"1":{"start":{"line":20,"column":8},"end":{"line":20,"column":39}},"2":{"start":{"line":21,"column":8},"end":{"line":21,"column":892}},"3":{"start":{"line":22,"column":12},"end":{"line":22,"column":20}},"4":{"start":{"line":30,"column":8},"end":{"line":30,"column":39}},"5":{"start":{"line":32,"column":8},"end":{"line":32,"column":1244}},"6":{"start":{"line":33,"column":12},"end":{"line":33,"column":20}},"7":{"start":{"line":39,"column":8},"end":{"line":39,"column":39}},"8":{"start":{"line":40,"column":8},"end":{"line":40,"column":1598}},"9":{"start":{"line":41,"column":12},"end":{"line":41,"column":20}},"10":{"start":{"line":43,"column":8},"end":{"line":43,"column":35}},"11":{"start":{"line":49,"column":8},"end":{"line":49,"column":39}},"12":{"start":{"line":50,"column":8},"end":{"line":50,"column":1998}},"13":{"start":{"line":51,"column":12},"end":{"line":51,"column":19}},"14":{"start":{"line":57,"column":8},"end":{"line":57,"column":39}},"15":{"start":{"line":58,"column":8},"end":{"line":58,"column":2352}},"16":{"start":{"line":59,"column":12},"end":{"line":59,"column":19}},"17":{"start":{"line":66,"column":8},"end":{"line":66,"column":39}},"18":{"start":{"line":68,"column":8},"end":{"line":68,"column":2706}},"19":{"start":{"line":69,"column":12},"end":{"line":69,"column":19}},"20":{"start":{"line":72,"column":8},"end":{"line":72,"column":38}},"21":{"start":{"line":78,"column":8},"end":{"line":78,"column":39}},"22":{"start":{"line":80,"column":8},"end":{"line":80,"column":3100}},"23":{"start":{"line":81,"column":12},"end":{"line":81,"column":19}},"24":{"start":{"line":89,"column":8},"end":{"line":89,"column":39}},"25":{"start":{"line":91,"column":8},"end":{"line":91,"column":3476}},"26":{"start":{"line":92,"column":12},"end":{"line":92,"column":19}},"27":{"start":{"line":95,"column":8},"end":{"line":95,"column":31}},"28":{"start":{"line":101,"column":8},"end":{"line":101,"column":39}},"29":{"start":{"line":103,"column":8},"end":{"line":103,"column":3882}},"30":{"start":{"line":104,"column":12},"end":{"line":104,"column":19}},"31":{"start":{"line":107,"column":8},"end":{"line":107,"column":41}},"32":{"start":{"line":115,"column":8},"end":{"line":115,"column":90}},"33":{"start":{"line":118,"column":8},"end":{"line":118,"column":4311}},"34":{"start":{"line":122,"column":8},"end":{"line":122,"column":4435}},"35":{"start":{"line":126,"column":8},"end":{"line":126,"column":95}},"36":{"start":{"line":129,"column":8},"end":{"line":129,"column":110}},"37":{"start":{"line":132,"column":8},"end":{"line":132,"column":5136}},"38":{"start":{"line":134,"column":8},"end":{"line":134,"column":39}},"39":{"start":{"line":136,"column":8},"end":{"line":136,"column":5239}},"40":{"start":{"line":137,"column":12},"end":{"line":137,"column":20}},"41":{"start":{"line":140,"column":8},"end":{"line":140,"column":39}},"42":{"start":{"line":149,"column":8},"end":{"line":149,"column":39}},"43":{"start":{"line":151,"column":8},"end":{"line":151,"column":5818}},"44":{"start":{"line":152,"column":12},"end":{"line":152,"column":19}},"45":{"start":{"line":155,"column":8},"end":{"line":155,"column":68}},"46":{"start":{"line":160,"column":8},"end":{"line":160,"column":39}},"47":{"start":{"line":162,"column":8},"end":{"line":162,"column":6173}},"48":{"start":{"line":163,"column":12},"end":{"line":163,"column":19}},"49":{"start":{"line":170,"column":8},"end":{"line":170,"column":39}},"50":{"start":{"line":172,"column":8},"end":{"line":172,"column":6527}},"51":{"start":{"line":173,"column":12},"end":{"line":173,"column":19}},"52":{"start":{"line":176,"column":8},"end":{"line":176,"column":52}},"53":{"start":{"line":182,"column":8},"end":{"line":182,"column":39}},"54":{"start":{"line":184,"column":8},"end":{"line":184,"column":6901}},"55":{"start":{"line":185,"column":12},"end":{"line":185,"column":19}},"56":{"start":{"line":188,"column":8},"end":{"line":188,"column":35}},"57":{"start":{"line":194,"column":8},"end":{"line":194,"column":39}},"58":{"start":{"line":196,"column":8},"end":{"line":196,"column":7247}},"59":{"start":{"line":197,"column":12},"end":{"line":197,"column":19}}},"branchMap":{"1":{"line":21,"type":"if","locations":[{"start":{"line":21,"column":8},"end":{"line":21,"column":8}},{"start":{"line":21,"column":8},"end":{"line":21,"column":8}}]},"2":{"line":32,"type":"if","locations":[{"start":{"line":32,"column":8},"end":{"line":32,"column":8}},{"start":{"line":32,"column":8},"end":{"line":32,"column":8}}]},"3":{"line":40,"type":"if","locations":[{"start":{"line":40,"column":8},"end":{"line":40,"column":8}},{"start":{"line":40,"column":8},"end":{"line":40,"column":8}}]},"4":{"line":50,"type":"if","locations":[{"start":{"line":50,"column":8},"end":{"line":50,"column":8}},{"start":{"line":50,"column":8},"end":{"line":50,"column":8}}]},"5":{"line":58,"type":"if","locations":[{"start":{"line":58,"column":8},"end":{"line":58,"column":8}},{"start":{"line":58,"column":8},"end":{"line":58,"column":8}}]},"6":{"line":68,"type":"if","locations":[{"start":{"line":68,"column":8},"end":{"line":68,"column":8}},{"start":{"line":68,"column":8},"end":{"line":68,"column":8}}]},"7":{"line":80,"type":"if","locations":[{"start":{"line":80,"column":8},"end":{"line":80,"column":8}},{"start":{"line":80,"column":8},"end":{"line":80,"column":8}}]},"8":{"line":91,"type":"if","locations":[{"start":{"line":91,"column":8},"end":{"line":91,"column":8}},{"start":{"line":91,"column":8},"end":{"line":91,"column":8}}]},"9":{"line":103,"type":"if","locations":[{"start":{"line":103,"column":8},"end":{"line":103,"column":8}},{"start":{"line":103,"column":8},"end":{"line":103,"column":8}}]},"10":{"line":136,"type":"if","locations":[{"start":{"line":136,"column":8},"end":{"line":136,"column":8}},{"start":{"line":136,"column":8},"end":{"line":136,"column":8}}]},"11":{"line":151,"type":"if","locations":[{"start":{"line":151,"column":8},"end":{"line":151,"column":8}},{"start":{"line":151,"column":8},"end":{"line":151,"column":8}}]},"12":{"line":162,"type":"if","locations":[{"start":{"line":162,"column":8},"end":{"line":162,"column":8}},{"start":{"line":162,"column":8},"end":{"line":162,"column":8}}]},"13":{"line":172,"type":"if","locations":[{"start":{"line":172,"column":8},"end":{"line":172,"column":8}},{"start":{"line":172,"column":8},"end":{"line":172,"column":8}}]},"14":{"line":184,"type":"if","locations":[{"start":{"line":184,"column":8},"end":{"line":184,"column":8}},{"start":{"line":184,"column":8},"end":{"line":184,"column":8}}]},"15":{"line":196,"type":"if","locations":[{"start":{"line":196,"column":8},"end":{"line":196,"column":8}},{"start":{"line":196,"column":8},"end":{"line":196,"column":8}}]}}},"contracts/server/tests/contracts/TokenManagementContract.sol":{"l":{"21":0,"22":0,"23":0,"24":0,"31":0,"32":0,"33":0,"34":0,"41":0,"43":0,"45":0,"46":0,"51":0,"53":0,"55":0,"56":0,"61":0,"62":0,"64":0,"65":0,"68":0,"72":0,"73":0,"75":0,"76":0,"79":0,"84":0,"86":0,"88":0,"89":0,"92":0,"97":0,"99":0,"101":0,"102":0,"105":0,"109":0,"111":0,"113":0,"114":0,"117":0,"122":0,"123":0,"124":0,"125":0,"130":0,"131":0,"132":0,"133":0,"138":0,"139":0,"140":0,"141":0,"143":0,"147":0,"149":0,"151":0,"152":0,"155":0,"159":0,"161":0,"166":0,"168":0,"170":0,"171":0,"174":0,"178":0,"180":0,"182":0,"183":0},"path":"/Users/stefanstefanov/Projects/hedera-json-rpc-relay/contracts/server/tests/contracts/TokenManagementContract.sol","s":{"1":0,"2":0,"3":0,"4":0,"5":0,"6":0,"7":0,"8":0,"9":0,"10":0,"11":0,"12":0,"13":0,"14":0,"15":0,"16":0,"17":0,"18":0,"19":0,"20":0,"21":0,"22":0,"23":0,"24":0,"25":0,"26":0,"27":0,"28":0,"29":0,"30":0,"31":0,"32":0,"33":0,"34":0,"35":0,"36":0,"37":0,"38":0,"39":0,"40":0,"41":0,"42":0,"43":0,"44":0,"45":0,"46":0,"47":0,"48":0,"49":0,"50":0,"51":0,"52":0,"53":0,"54":0},"b":{"1":[0,0],"2":[0,0],"3":[0,0],"4":[0,0],"5":[0,0],"6":[0,0],"7":[0,0],"8":[0,0],"9":[0,0],"10":[0,0],"11":[0,0],"12":[0,0],"13":[0,0],"14":[0,0],"15":[0,0]},"f":{"1":0,"2":0,"3":0,"4":0,"5":0,"6":0,"7":0,"8":0,"9":0,"10":0,"11":0,"12":0,"13":0,"14":0,"15":0,"16":0},"fnMap":{"1":{"name":"wipeTokenAccountPublic","line":19,"loc":{"start":{"line":19,"column":4},"end":{"line":26,"column":4}}},"2":{"name":"wipeTokenAccountNFTPublic","line":28,"loc":{"start":{"line":28,"column":4},"end":{"line":36,"column":4}}},"3":{"name":"updateTokenKeysPublic","line":38,"loc":{"start":{"line":38,"column":4},"end":{"line":48,"column":4}}},"4":{"name":"updateTokenInfoPublic","line":50,"loc":{"start":{"line":50,"column":4},"end":{"line":58,"column":4}}},"5":{"name":"isTokenPublic","line":60,"loc":{"start":{"line":60,"column":4},"end":{"line":69,"column":4}}},"6":{"name":"getTokenTypePublic","line":71,"loc":{"start":{"line":71,"column":4},"end":{"line":80,"column":4}}},"7":{"name":"getTokenKeyPublic","line":82,"loc":{"start":{"line":82,"column":4},"end":{"line":93,"column":4}}},"8":{"name":"pauseTokenPublic","line":96,"loc":{"start":{"line":96,"column":4},"end":{"line":106,"column":4}}},"9":{"name":"unpauseTokenPublic","line":108,"loc":{"start":{"line":108,"column":4},"end":{"line":118,"column":4}}},"10":{"name":"freezeTokenPublic","line":121,"loc":{"start":{"line":121,"column":4},"end":{"line":127,"column":4}}},"11":{"name":"unfreezeTokenPublic","line":129,"loc":{"start":{"line":129,"column":4},"end":{"line":135,"column":4}}},"12":{"name":"isFrozenPublic","line":137,"loc":{"start":{"line":137,"column":4},"end":{"line":144,"column":4}}},"13":{"name":"getTokenDefaultFreezeStatusPublic","line":146,"loc":{"start":{"line":146,"column":4},"end":{"line":156,"column":4}}},"14":{"name":"setFreezeDefaultStatus","line":158,"loc":{"start":{"line":158,"column":4},"end":{"line":162,"column":4}}},"15":{"name":"getTokenExpiryInfoPublic","line":165,"loc":{"start":{"line":165,"column":4},"end":{"line":175,"column":4}}},"16":{"name":"updateTokenExpiryInfoPublic","line":177,"loc":{"start":{"line":177,"column":4},"end":{"line":185,"column":4}}}},"statementMap":{"1":{"start":{"line":22,"column":8},"end":{"line":22,"column":39}},"2":{"start":{"line":23,"column":8},"end":{"line":23,"column":869}},"3":{"start":{"line":24,"column":12},"end":{"line":24,"column":20}},"4":{"start":{"line":32,"column":8},"end":{"line":32,"column":39}},"5":{"start":{"line":33,"column":8},"end":{"line":33,"column":1248}},"6":{"start":{"line":34,"column":12},"end":{"line":34,"column":20}},"7":{"start":{"line":43,"column":8},"end":{"line":43,"column":39}},"8":{"start":{"line":45,"column":8},"end":{"line":45,"column":1600}},"9":{"start":{"line":46,"column":12},"end":{"line":46,"column":19}},"10":{"start":{"line":53,"column":8},"end":{"line":53,"column":39}},"11":{"start":{"line":55,"column":8},"end":{"line":55,"column":1941}},"12":{"start":{"line":56,"column":12},"end":{"line":56,"column":19}},"13":{"start":{"line":62,"column":8},"end":{"line":62,"column":39}},"14":{"start":{"line":64,"column":8},"end":{"line":64,"column":2251}},"15":{"start":{"line":65,"column":12},"end":{"line":65,"column":19}},"16":{"start":{"line":68,"column":8},"end":{"line":68,"column":33}},"17":{"start":{"line":73,"column":8},"end":{"line":73,"column":39}},"18":{"start":{"line":75,"column":8},"end":{"line":75,"column":2605}},"19":{"start":{"line":76,"column":12},"end":{"line":76,"column":19}},"20":{"start":{"line":79,"column":8},"end":{"line":79,"column":33}},"21":{"start":{"line":86,"column":8},"end":{"line":86,"column":39}},"22":{"start":{"line":88,"column":8},"end":{"line":88,"column":3002}},"23":{"start":{"line":89,"column":12},"end":{"line":89,"column":19}},"24":{"start":{"line":92,"column":8},"end":{"line":92,"column":26}},"25":{"start":{"line":99,"column":8},"end":{"line":99,"column":39}},"26":{"start":{"line":101,"column":8},"end":{"line":101,"column":3300}},"27":{"start":{"line":102,"column":12},"end":{"line":102,"column":19}},"28":{"start":{"line":105,"column":8},"end":{"line":105,"column":30}},"29":{"start":{"line":111,"column":8},"end":{"line":111,"column":39}},"30":{"start":{"line":113,"column":8},"end":{"line":113,"column":3606}},"31":{"start":{"line":114,"column":12},"end":{"line":114,"column":19}},"32":{"start":{"line":117,"column":8},"end":{"line":117,"column":32}},"33":{"start":{"line":123,"column":8},"end":{"line":123,"column":39}},"34":{"start":{"line":124,"column":8},"end":{"line":124,"column":3951}},"35":{"start":{"line":125,"column":12},"end":{"line":125,"column":19}},"36":{"start":{"line":131,"column":8},"end":{"line":131,"column":39}},"37":{"start":{"line":132,"column":8},"end":{"line":132,"column":4264}},"38":{"start":{"line":133,"column":12},"end":{"line":133,"column":19}},"39":{"start":{"line":139,"column":8},"end":{"line":139,"column":39}},"40":{"start":{"line":140,"column":8},"end":{"line":140,"column":4590}},"41":{"start":{"line":141,"column":12},"end":{"line":141,"column":19}},"42":{"start":{"line":143,"column":8},"end":{"line":143,"column":27}},"43":{"start":{"line":149,"column":8},"end":{"line":149,"column":39}},"44":{"start":{"line":151,"column":8},"end":{"line":151,"column":4985}},"45":{"start":{"line":152,"column":12},"end":{"line":152,"column":19}},"46":{"start":{"line":155,"column":8},"end":{"line":155,"column":58}},"47":{"start":{"line":161,"column":8},"end":{"line":161,"column":60}},"48":{"start":{"line":168,"column":8},"end":{"line":168,"column":39}},"49":{"start":{"line":170,"column":8},"end":{"line":170,"column":5576}},"50":{"start":{"line":171,"column":12},"end":{"line":171,"column":19}},"51":{"start":{"line":174,"column":8},"end":{"line":174,"column":40}},"52":{"start":{"line":180,"column":8},"end":{"line":180,"column":39}},"53":{"start":{"line":182,"column":8},"end":{"line":182,"column":5969}},"54":{"start":{"line":183,"column":12},"end":{"line":183,"column":19}}},"branchMap":{"1":{"line":23,"type":"if","locations":[{"start":{"line":23,"column":8},"end":{"line":23,"column":8}},{"start":{"line":23,"column":8},"end":{"line":23,"column":8}}]},"2":{"line":33,"type":"if","locations":[{"start":{"line":33,"column":8},"end":{"line":33,"column":8}},{"start":{"line":33,"column":8},"end":{"line":33,"column":8}}]},"3":{"line":45,"type":"if","locations":[{"start":{"line":45,"column":8},"end":{"line":45,"column":8}},{"start":{"line":45,"column":8},"end":{"line":45,"column":8}}]},"4":{"line":55,"type":"if","locations":[{"start":{"line":55,"column":8},"end":{"line":55,"column":8}},{"start":{"line":55,"column":8},"end":{"line":55,"column":8}}]},"5":{"line":64,"type":"if","locations":[{"start":{"line":64,"column":8},"end":{"line":64,"column":8}},{"start":{"line":64,"column":8},"end":{"line":64,"column":8}}]},"6":{"line":75,"type":"if","locations":[{"start":{"line":75,"column":8},"end":{"line":75,"column":8}},{"start":{"line":75,"column":8},"end":{"line":75,"column":8}}]},"7":{"line":88,"type":"if","locations":[{"start":{"line":88,"column":8},"end":{"line":88,"column":8}},{"start":{"line":88,"column":8},"end":{"line":88,"column":8}}]},"8":{"line":101,"type":"if","locations":[{"start":{"line":101,"column":8},"end":{"line":101,"column":8}},{"start":{"line":101,"column":8},"end":{"line":101,"column":8}}]},"9":{"line":113,"type":"if","locations":[{"start":{"line":113,"column":8},"end":{"line":113,"column":8}},{"start":{"line":113,"column":8},"end":{"line":113,"column":8}}]},"10":{"line":124,"type":"if","locations":[{"start":{"line":124,"column":8},"end":{"line":124,"column":8}},{"start":{"line":124,"column":8},"end":{"line":124,"column":8}}]},"11":{"line":132,"type":"if","locations":[{"start":{"line":132,"column":8},"end":{"line":132,"column":8}},{"start":{"line":132,"column":8},"end":{"line":132,"column":8}}]},"12":{"line":140,"type":"if","locations":[{"start":{"line":140,"column":8},"end":{"line":140,"column":8}},{"start":{"line":140,"column":8},"end":{"line":140,"column":8}}]},"13":{"line":151,"type":"if","locations":[{"start":{"line":151,"column":8},"end":{"line":151,"column":8}},{"start":{"line":151,"column":8},"end":{"line":151,"column":8}}]},"14":{"line":170,"type":"if","locations":[{"start":{"line":170,"column":8},"end":{"line":170,"column":8}},{"start":{"line":170,"column":8},"end":{"line":170,"column":8}}]},"15":{"line":182,"type":"if","locations":[{"start":{"line":182,"column":8},"end":{"line":182,"column":8}},{"start":{"line":182,"column":8},"end":{"line":182,"column":8}}]}}}}